# callgrind format
version: 1
creator: callgrind-3.15.0
pid: 34105
cmd:  ./a.out
part: 1


desc: I1 cache: 
desc: D1 cache: 
desc: LL cache: 

desc: Timerange: Basic block 0 - 47497311
desc: Trigger: Program termination

positions: line
events: Ir
summary: 230588608


ob=(4) /usr/lib/x86_64-linux-gnu/valgrind/vgpreload_core-amd64-linux.so
fl=(103) ???
fn=(668) 0x00000000000010e0
0 9
cob=(2) ???
cfi=(18) ???
cfn=(674) 0x0000000004831040
calls=1 0 
0 77
0 1
cfn=(678) 0x0000000000001070
calls=1 0 
0 5
0 3

fn=(320) 0x0000000000001120
0 12

fn=(678)
0 5

ob=(3) /usr/lib/x86_64-linux-gnu/libc-2.31.so
fl=(154) /build/glibc-SzIz7B/glibc-2.31/string/../sysdeps/x86_64/multiarch/strchr-avx2.S
fn=(610) __strchrnul_avx2
44 276
+1 276
+2 276
+1 276
+1 276
+2 276
+1 276
+1 276
+21 276
+1 276
+1 276
+1 276
+1 276
+1 276
+1 276
+2 276
+1 276
+1 276
+2 276
+1 276
+2 276
+7 276
+1 276

fl=(61) /build/glibc-SzIz7B/glibc-2.31/string/../sysdeps/x86_64/multiarch/memmove.c
fn=(214) memmove
29 2
fi=(62) /build/glibc-SzIz7B/glibc-2.31/string/../sysdeps/x86_64/multiarch/ifunc-memmove.h
+16 6
-1 4
+5 4
-1 4
+12 4
+2 10
fe=(61)

fl=(142) /build/glibc-SzIz7B/glibc-2.31/stdio-common/vfscanf-internal.c
fn=(478) __vfscanf_internal
278 2256240
+10 423045
+1 141015
fi=(146) /build/glibc-SzIz7B/glibc-2.31/stdio-common/../include/scratch_buffer.h
78 141015
fe=(142)
289 141015
fi=(146)
77 282030
fe=(142)
339 141015
fi=(146)
77 141015
fe=(142)
339 564060
+6 423045
+3 705075
+4 141015
+20 141015
-20 141015
+20 141015
-13 282030
+6 141015
+2 564060
+5 1974210
fi=(143) /build/glibc-SzIz7B/glibc-2.31/stdio-common/../sysdeps/unix/sysv/linux/x86/lowlevellock.h
47 423045
fe=(142)
372 423045
+9 141015
-4 141015
+4 423045
569 141015
284 141015
-1 141015
+49 141015
-39 141015
569 564060
2428 282030
282 141015
2428 423045
328 282030
-1 423045
-1 141015
-1 141015
-12 141015
418 561878
+23 561878
+1 561878
+3 699500
-64 1123756
3020 841038
+3 725061
+1 362568
-1 181284
222 282078
+1 141039
487 141039
223 141039
-1 282078
487 282078
222 141039
487 282078
611 564156
+5 423117
+1 139380
+3 141039
+1 141039
-1 141039
+1 1410390
+6 1416033
+3 471978
-3 471978
+3 708033
-3 66
+3 99
-3 472044
+3 987273
+1 282078
+1 1269351
cfi=(131) /build/glibc-SzIz7B/glibc-2.31/libio/genops.c
cfn=(482) _IO_sputbackc
calls=141039 +3 
* 2679741
+4 1269351
345 282030
+96 139900
+6 279800
3030 2115225
fi=(146)
85 423045
fe=(142)
3034 282030
+17 282030
+6 1692180
481 141039
+22 564156
+21 282078
+4 282078
-4 282078
+7 1269351
+96 66
cfi=(131)
cfn=(430) __uflow
calls=33 299 
* 5313
* 66
1397 846234
+5 141039
-5 141039
+5 423117
+9 282556
+3 478
260 239
1414 717
260 239
1414 239
260 478
+3 717
1417 1673
+2 1912
+11 956
+4 422639
+3 282078
1732 423117
+9 141039
fi=(146)
113 705195
fe=(142)
1741 282078
fi=(146)
113 423117
fe=(142)
1739 3779331
+57 559369
260 1118738
+3 1678107
1798 2237476
+2 5593035
-68 1118476
+68 262
-68 262
+2 1400816
+2 705195
+67 282078
214 141039
1810 282078
214 282078
1811 282078
+28 282078
263 423117
1843 282078
+17 282078
+1 705195
-1 423117
+7 423117
+3 705195
+2 423117
+27 282078
1741 705195
+59 262
cfi=(131)
cfn=(430)
calls=131 299 
* 21091
* 393
1437 282078
1839 705195
cfi=(131)
cfn=(482)
calls=141039 635 
* 2679741
* 141039
260 423117
1812 636
+1 636
3023 30
cfi=(131)
cfn=(430)
calls=15 299 
* 2414
* 49
1864 141039
cfi=(144) /build/glibc-SzIz7B/glibc-2.31/stdlib/../stdlib/strtol.c
cfn=(484) __strtoul_internal
calls=141039 97 
* 22478155
* 282078
3025 226602
cfi=(131)
cfn=(482)
calls=45320 635 
* 861080
* 45320
1889 282078
+2 282078
+3 282078
+1 1833507
1376 282078
632 282078
245 42

fl=(133) /build/glibc-SzIz7B/glibc-2.31/libio/filedoalloc.c
fn=(438) _IO_file_doallocate
78 18
+6 8
fi=(135) /build/glibc-SzIz7B/glibc-2.31/libio/libioP.h
941 6
+2 4
+1 4
fe=(133)
84 6
cfi=(132) /build/glibc-SzIz7B/glibc-2.31/libio/fileops.c
cfn=(440) _IO_file_stat
calls=2 1147 
* 32
* 4
+2 8
+11 8
+4 4
cob=(2)
cfi=(18)
cfn=(444) 0x000000000486d310
calls=2 0 
* 374
* 2
+1 4
+2 8
cfi=(131)
cfn=(446) _IO_setb
calls=2 329 
* 50
+1 2
+1 16

fl=(140) /build/glibc-SzIz7B/glibc-2.31/string/../sysdeps/x86_64/multiarch/memmove-vec-unaligned-erms.S
fn=(530) __mempcpy_avx_unaligned_erms
212 23589
+1 23589
+1 23589
+1 23589
+17 23589
+1 23589
+44 23589
+1 23589
+2 23589
+1 23589
+1 308
+1 308
+1 169
+1 169
+1 144
+1 144
+1 144
+2 144
+22 23281
+1 23281
+1 23281
+1 23281
+1 23281
+3 139
+1 139
+1 139
+1 139
+1 139
+3 25
+1 25
+1 25
+1 25
+1 25

fn=(470) __memcpy_avx_unaligned_erms
225 24598
+1 24598
+6 24598
+1 24598
+1 31
+1 31
+42 24567
+1 24567
+2 24380
+1 24380
+1 1264
+1 1264
+1 35
+1 35
+1 8
+1 8
+1 8
+2 8
+14 187
+1 187
+1 187
+1 187
+1 187
+4 23116
+1 23116
+1 23116
+1 23116
+1 23116
+3 1229
+1 1229
+1 1229
+1 1229
+1 1229
+3 27
+1 27
+1 27
+1 27
+1 27
+4 31
+1 31
+5 31
+1 31
+1 24
+1 24
+2 9
+1 9
+1 9
+1 9
+1 9
+1 9
+1 9
+1 9
+1 9
+1 9
+1 9
+1 9
+1 9
+1 9
+1 9
+1 9
+1 9
+1 9
+3 15
+1 15
+1 15
+1 15
+1 15
+1 15
+1 15
+1 15
+1 15
+1 15
+3 7
+1 7
+58 7
+1 7
+1 7
+1 7
+1 7
+2 7
+3 7
+1 7
+1 7
+1 7
+2 7
+2 7
+2 7
+3 7
+1 7
+4 12
+1 12
+1 12
+1 12
+1 12
+1 12
+1 12
+1 12
+1 12
+1 12
+1 12
+1 12
+1 12
+2 7
+1 7
+1 7
+1 7
+2 7
+1 7
+1 7

fl=(157) /build/glibc-SzIz7B/glibc-2.31/io/../sysdeps/unix/sysv/linux/write.c
fn=(624) write
25 52
+1 364
+1 52

fl=(79) /build/glibc-SzIz7B/glibc-2.31/string/../sysdeps/x86_64/multiarch/strcspn.c
fn=(252) strcspn
29 1
fi=(165) /build/glibc-SzIz7B/glibc-2.31/string/../sysdeps/x86_64/multiarch/ifunc-sse4_2.h
+1 5
fe=(79)
-1 1

fl=(153) /build/glibc-SzIz7B/glibc-2.31/stdio-common/vfprintf-internal.c
fn=(606) __vfprintf_internal
1289 2208
+31 414
+8 414
+4 690
+11 414
+11 276
fi=(166) /build/glibc-SzIz7B/glibc-2.31/stdio-common/printf-parse.h
111 276
fe=(153)
1354 276
fi=(166)
111 138
cob=(2)
cfi=(18)
cfn=(608) 0x000000000486d390
calls=138 0 
* 3450
fe=(153)
1369 276
fi=(166)
111 138
fe=(153)
1369 138
fi=(155) /build/glibc-SzIz7B/glibc-2.31/stdio-common/../libio/libioP.h
941 138
fe=(153)
1373 138
fi=(155)
941 276
+2 138
-2 276
+2 276
+1 276
fe=(153)
1373 828
cfi=(132)
cfn=(516) _IO_file_xsputn@@GLIBC_2.2.5
calls=138 1198 
* 2760
* 552
+4 138
-4 138
+4 276
+4 1104
-57 138
1687 138
1358 138
-8 138
1687 1242
1423 966
-3 138
-5 138
+8 138
-11 276
-1 138
+12 138
-13 138
+13 138
-14 138
-1 414
-1 138
-1 276
-1 138
-1 138
-1 138
-1 138
+17 138
-3 138
+4 276
-92 276
1741 966
+1 414
+3 1656
1369 966
+1 966
fi=(143)
47 276
fe=(153)
1370 552
1741 828
-36 138
+2 276
+8 138
fi=(166)
111 690
cob=(2)
cfi=(18)
cfn=(608)
calls=138 0 
* 3450
fe=(153)
1719 276
fi=(166)
111 138
fe=(153)
1719 414
fi=(155)
943 276
+1 276
fe=(153)
1719 966
cfi=(132)
cfn=(516)
calls=138 1198 
* 9522
* 1242
+2 414
-34 1518
cfi=(156) /build/glibc-SzIz7B/glibc-2.31/stdio-common/_itoa.c
cfn=(616) _itoa_word
calls=138 165 
* 9804
* 4692
fi=(155)
943 276
+1 276
fe=(153)
1687 966
cfi=(132)
cfn=(516)
calls=138 1198 
* 9416
* 5796
+1 276
-1 2760

fl=(68) /build/glibc-SzIz7B/glibc-2.31/wcsmbs/../sysdeps/x86_64/multiarch/wmemchr.c
fn=(228) wmemchr
31 2
fi=(167) /build/glibc-SzIz7B/glibc-2.31/wcsmbs/../sysdeps/x86_64/multiarch/ifunc-avx2.h
+1 6
-2 10
fe=(68)
+1 2

fl=(159) /build/glibc-SzIz7B/glibc-2.31/stdlib/cxa_thread_atexit_impl.c
fn=(636) __call_tls_dtors
145 4
+1 4
+18 4

fl=(97) /build/glibc-SzIz7B/glibc-2.31/wcsmbs/../sysdeps/x86_64/multiarch/wmemcmp.c
fn=(290) wmemcmp
29 1
fi=(98) /build/glibc-SzIz7B/glibc-2.31/wcsmbs/../sysdeps/x86_64/multiarch/ifunc-memcmp.h
+3 1
+1 3
-1 2
+2 3
+1 2
fe=(97)
-6 1

fl=(89) /build/glibc-SzIz7B/glibc-2.31/string/../sysdeps/x86_64/multiarch/strlen.c
fn=(274) strlen
29 1
fi=(168) /build/glibc-SzIz7B/glibc-2.31/string/../sysdeps/x86_64/multiarch/ifunc-avx2.h
+3 3
-2 5
fe=(89)
-1 1

fl=(147) /build/glibc-SzIz7B/glibc-2.31/libio/ioputs.c
fn=(508) puts
33 163268
+2 23324
cob=(2)
cfi=(18)
cfn=(510) 0x000000000486d460
calls=23324 -35 
* 512700
+1 23324
-1 23324
+1 256564
fi=(149) /build/glibc-SzIz7B/glibc-2.31/libio/../sysdeps/unix/sysv/linux/x86/lowlevellock.h
+11 46648
fe=(147)
-11 69972
+3 23324
-3 23324
+3 46648
-1 46646
+1 1
+1 1
fi=(135)
941 3
+2 2
+1 2
fe=(147)
40 23323
fi=(135)
941 69969
+2 46646
+1 46646
fe=(147)
40 69972
cfi=(132)
cfn=(516)
calls=23324 1198 
* 1549877
* 46648
+1 163241
+1 93260
fi=(135)
884 46630
fe=(147)
42 36
fi=(135)
884 18
+1 233240
fe=(147)
46 163268
-5 18
cfi=(131)
cfn=(628) __overflow
calls=9 199 
* 1557
* 18

fl=(67) /build/glibc-SzIz7B/glibc-2.31/string/../sysdeps/x86_64/multiarch/rawmemchr.c
fn=(226) rawmemchr
31 1
fi=(168)
+1 3
-2 5
fe=(67)
+1 1

fl=(73) /build/glibc-SzIz7B/glibc-2.31/string/../sysdeps/x86_64/multiarch/strncmp.c
fn=(240) strncmp
54 1
-13 3
-2 1
+2 1
-2 2
+15 1

fl=(121) /build/glibc-SzIz7B/glibc-2.31/malloc/arena.c
fn=(386) ptmalloc_init.part.0
289 5
+13 1
-8 1
+8 1
+6 4
fi=(119) /build/glibc-SzIz7B/glibc-2.31/malloc/malloc.c
1795 3
+3 4
-3 2
+3 504
-3 252
+11 1
fe=(121)
313 2
fi=(119)
1807 1
+2 1
fe=(121)
313 3
cob=(2)
cfi=(18)
cfn=(406) 0x000000000486d450
calls=1 0 
* 804
+1 4
cob=(2)
cfi=(18)
cfn=(406)
calls=1 0 
* 22
+1 4
cob=(2)
cfi=(18)
cfn=(406)
calls=1 0 
* 21
+1 4
cob=(2)
cfi=(18)
cfn=(406)
calls=1 0 
* 22
+1 4
cob=(2)
cfi=(18)
cfn=(406)
calls=1 0 
* 22
+1 4
cob=(2)
cfi=(18)
cfn=(406)
calls=1 0 
* 21
+1 4
cob=(2)
cfi=(18)
cfn=(406)
calls=1 0 
* 22
+1 4
cob=(2)
cfi=(18)
cfn=(406)
calls=1 0 
* 22
+2 4
cob=(2)
cfi=(18)
cfn=(406)
calls=1 0 
* 22
+1 4
cob=(2)
cfi=(18)
cfn=(406)
calls=1 0 
* 22
+1 4
cob=(2)
cfi=(18)
cfn=(406)
calls=1 0 
* 22
+3 4
cob=(2)
cfi=(18)
cfn=(406)
calls=1 0 
* 22
+69 2
+1 2
+3 1
+1 6
-98 5
cfi=(122) /build/glibc-SzIz7B/glibc-2.31/elf/dl-addr.c
cfn=(388) _dl_addr
calls=1 126 
* 72444
* 2
+1 4

fl=(162) /build/glibc-SzIz7B/glibc-2.31/nptl/register-atfork.c
fn=(654) __unregister_atfork
79 6
+1 6
fi=(163) /build/glibc-SzIz7B/glibc-2.31/nptl/../sysdeps/unix/sysv/linux/x86/lowlevellock.h
-33 4
fe=(162)
+35 2
-14 4
+38 8
+1 4

fl=(78) /build/glibc-SzIz7B/glibc-2.31/string/../sysdeps/x86_64/multiarch/strnlen.c
fn=(250) strnlen
31 2
fi=(168)
+1 6
-2 10
fe=(78)
+1 2

fl=(81) /build/glibc-SzIz7B/glibc-2.31/string/../sysdeps/x86_64/multiarch/strcpy.c
fn=(256) strcpy
29 1
fi=(169) /build/glibc-SzIz7B/glibc-2.31/string/../sysdeps/x86_64/multiarch/ifunc-strcpy.h
+7 3
-2 1
+2 1
-2 2
fe=(81)
-5 1

fl=(141) /build/glibc-SzIz7B/glibc-2.31/stdio-common/isoc99_scanf.c
fn=(476) __isoc99_scanf
25 1833195
+4 141015
+1 282030
-1 282030
+1 141015
-1 141015
+1 141015
-1 141015
+1 141015
-1 141015
+1 141015
cfi=(142)
cfn=(478)
calls=141015 278 
* 102752987
+4 705075

fl=(83) /build/glibc-SzIz7B/glibc-2.31/wcsmbs/../sysdeps/x86_64/multiarch/wcsnlen.c
fn=(262) wcsnlen
49 1
-9 3
-2 1
+2 1
-2 2
+11 1

fl=(64) /build/glibc-SzIz7B/glibc-2.31/string/../sysdeps/x86_64/multiarch/strcasecmp.c
fn=(220) strcasecmp
31 1
fi=(170) /build/glibc-SzIz7B/glibc-2.31/string/../sysdeps/x86_64/multiarch/ifunc-strcasecmp.h
+1 4
fe=(64)
-1 1

fl=(93) /build/glibc-SzIz7B/glibc-2.31/wcsmbs/../sysdeps/x86_64/multiarch/wcslen.c
fn=(282) wcslen
29 1
fi=(167)
+3 3
-2 5
fe=(93)
-1 1

fl=(112) /build/glibc-SzIz7B/glibc-2.31/csu/../csu/libc-start.c
fn=(350) (below main)
137 11
+4 1
-4 3
+4 3
+96 2
+1 3
cfi=(113) /build/glibc-SzIz7B/glibc-2.31/stdlib/cxa_atexit.c
cfn=(352) __cxa_atexit
calls=1 69 
* 68
+22 4
+3 2
+1 5
cob=(5) /mnt/1020A36D20A3590C/Elia/Documenti/Codici/progettoApi/a.out
cfi=(111) ???
cfn=(358) __libc_csu_init
calls=1 0 
* 53
+4 4
+15 2
+12 2
cfi=(115) /build/glibc-SzIz7B/glibc-2.31/setjmp/../sysdeps/x86_64/bsd-_setjmp.S
cfn=(370) _setjmp
calls=1 28 
* 34
* 1
+1 2
+5 2
+1 2
+3 2
+3 6
cob=(5)
cfi=(118) /mnt/1020A36D20A3590C/Elia/Documenti/Codici/progettoApi/source.c
cfn=(376) main
calls=1 1046 
* 230456152
+34 2
cfi=(158) /build/glibc-SzIz7B/glibc-2.31/stdlib/exit.c
cfn=(632) exit
calls=1 138 
* 1500

fl=(120) /build/glibc-SzIz7B/glibc-2.31/malloc/hooks.c
fn=(382) malloc_hook_ini
29 2
fi=(121)
291 1
fe=(120)
29 3
+1 2
fi=(121)
291 3
cfn=(386)
calls=1 -2 
* 74339
* 1
fi=(119)
3032 2
1208 2
+2 4
3044 4
+12 3
+2 3
cfn=(416) _int_malloc
calls=1 1208 
* 141
* 1
+1 7
fe=(120)
33 5
fi=(119)
1210 4
2978 4
cfn=(412) tcache_init.part.0
calls=1 +3 
* 476
+69 2
+1 5
+1 3
fe=(120)

fn=(588) realloc_hook_ini
37 10
+1 1
+1 1
-1 1
fi=(121)
291 1
fe=(120)
39 1
fi=(121)
291 2
fi=(119)
3143 2
+7 2
+6 1
-2 1
+5 1
-3 2
+2 2
+4 3
+1 3
+9 4
+1 2
1208 2
+2 6
3183 2
fe=(120)
42 10
fi=(119)
3139 2
+85 3
+2 4
cfn=(592) _int_realloc
calls=1 4540 
* 62
* 1
+1 10
fe=(120)

fl=(87) /build/glibc-SzIz7B/glibc-2.31/string/../sysdeps/x86_64/multiarch/strpbrk.c
fn=(270) strpbrk
29 1
fi=(165)
+1 5
fe=(87)
-1 1

fl=(115)
fn=(370)
28 1
+2 1
+2 1
cfi=(116) /build/glibc-SzIz7B/glibc-2.31/setjmp/../sysdeps/x86_64/setjmp.S
cfn=(372) __sigsetjmp
calls=1 -2 
* 31

fl=(152) /build/glibc-SzIz7B/glibc-2.31/stdio-common/printf.c
fn=(604) printf
28 1794
+4 138
+1 276
-1 276
+1 138
-1 138
+1 138
-1 138
+1 138
-1 138
+1 138
cfi=(153)
cfn=(606)
calls=138 1289 
* 83390
+4 690

fl=(131)
fn=(628)
199 27
+2 27
+2 9
fi=(135)
941 27
+2 18
+1 18
fe=(131)
203 9
+1 18
-1 9
cfi=(132)
cfn=(518) _IO_file_overflow@@GLIBC_2.2.5
calls=9 732 
* 1395

fn=(686) _IO_cleanup
863 2
+3 1
-3 9
+3 1
cfn=(688) _IO_flush_all_lockp
calls=1 686 
* 257
-80 1
+80 1
-80 2
+1 6
fi=(149)
47 2
fe=(131)
787 2
+3 1
-3 2
+3 2
fi=(135)
941 2
fe=(131)
807 1
fi=(135)
941 1
fe=(131)
807 2
+31 3
-48 9
+9 9
+2 6
+6 18
fi=(149)
47 4
fe=(131)
807 4
+8 10
+9 2
fi=(135)
943 4
+1 4
fe=(131)
824 8
cfi=(132)
cfn=(698) _IO_file_setbuf@@GLIBC_2.2.5
calls=2 382 
* 168
+2 6
+4 10
+1 22
+11 8
+1 2
+35 12
-92 4
+33 2
-2 2
+3 2
-3 2
+2 6
-12 10

fn=(700) _IO_default_setbuf
452 4
fi=(135)
941 2
fe=(131)
452 4
fi=(135)
941 2
fe=(131)
452 2
fi=(135)
941 2
fe=(131)
452 8
+1 2
fi=(135)
943 4
+1 4
fe=(131)
453 4
cfi=(132)
cfn=(702) _IO_file_sync@@GLIBC_2.2.5
calls=2 793 
* 36
* 4
+2 4
+7 2
-7 4
+11 2
+1 2
-1 6
+2 12
-11 2
+1 4
-1 2
330 8
+2 4
+5 2
-5 2
+5 2
-5 2
+5 2

fn=(446)
329 12
+1 4
-1 4
+1 4
+5 2
-3 2
+3 8
-3 4
+2 2
+4 8

fn=(688)
686 12
+5 4
+1 6
fi=(149)
47 2
fe=(131)
692 2
+3 1
-8 1
+5 2
+3 2
fi=(135)
941 3
fe=(131)
699 2
+7 1
fi=(135)
943 2
+1 2
fe=(131)
706 3
cfi=(132)
cfn=(518)
calls=1 +26 
* 133
+1 3
+2 6
+2 3
-16 9
+2 3
+1 6
+3 22
+14 8
+1 3
+4 12
-29 4

fn=(432) _IO_default_uflow
361 510
fi=(135)
941 510
fe=(131)
361 255
fi=(135)
941 255
fe=(131)
361 510
+1 255
fi=(135)
943 510
+1 510
fe=(131)
362 510
cfi=(132)
cfn=(434) _IO_file_underflow@@GLIBC_2.2.5
calls=255 462 
* 25213
+1 510
+2 1012
+1 1020

fn=(436) _IO_doallocbuf
343 2
+1 4
-1 6
+3 8
+1 2
fi=(135)
941 6
+2 4
+1 4
fe=(131)
347 4
cfi=(133)
cfn=(438)
calls=2 78 
* 558
* 4
+3 8

fn=(482)
635 1636990
+3 982194
+1 654796
+9 327398
+3 1309592
-10 654796
+1 327398
+5 327398

fn=(430)
299 1275
+1 766
+5 1275
+3 510
+2 510
+6 510
+7 255
fi=(135)
941 765
+2 510
+1 510
fe=(131)
323 255
+1 255
-1 255
+1 510
-1 255
cfn=(432)
calls=255 +38 
* 31580
-2 765
-21 508

fn=(522) _IO_default_xsputn
371 43
+3 86
-3 301
fi=(135)
941 43
fe=(131)
371 43
fi=(135)
941 43
fe=(131)
371 43
fi=(135)
941 43
fe=(131)
371 86
+18 86
+8 43
+2 86
-20 172
+2 43
+1 86
+2 86
+20 43
-11 43
+11 301
-11 301
+2 172
-2 86
+1 86
-1 129
+1 358
-1 580

fn=(630) __underflow
269 5
+1 3
+5 5
+3 2
+2 2
+6 2
+7 1
fi=(135)
941 3
+2 2
+1 2
fe=(131)
293 1
+1 1
-1 1
+1 2
-1 1
cfi=(132)
cfn=(434)
calls=1 462 
* 98
-2 3
-21 2

fn=(450) _IO_switch_to_get_mode
164 1275
+1 765
+3 765
+4 510
+1 510
+7 255
-4 255
+4 255
-2 510
+3 255
+1 1020

fl=(95) /build/glibc-SzIz7B/glibc-2.31/string/../sysdeps/x86_64/multiarch/stpncpy.c
fn=(286) stpncpy
31 1
fi=(169)
+5 3
-2 1
+2 1
-2 2
fe=(95)
-3 1

fl=(130) /build/glibc-SzIz7B/glibc-2.31/libio/getchar.c
fn=(428) getchar
34 542924
+2 542924
+1 814293
+5 678531
-5 31
+5 62
-5 31
cfi=(131)
cfn=(430)
calls=31 299 
* 5206

fl=(158)
fn=(634) __run_exit_handlers
40 11
+5 3
+11 3
fi=(114) /build/glibc-SzIz7B/glibc-2.31/stdlib/../sysdeps/unix/sysv/linux/x86/lowlevellock.h
-9 1
fe=(158)
+9 3
fi=(114)
-9 1
fe=(158)
+9 2
fi=(114)
-9 2
fe=(158)
+12 2
+2 5
+51 1
fi=(114)
-65 1
fe=(158)
+65 2
fi=(114)
-65 1
fe=(158)
+67 2
-44 6
+2 1
+1 1
-1 1
+4 4
+1 8
+29 1
+2 1
-5 1
+5 1
-2 2
+2 1
cob=(1) /usr/lib/x86_64-linux-gnu/ld-2.31.so
cfi=(160) /build/glibc-SzIz7B/glibc-2.31/elf/dl-fini.c
cfn=(640) _dl_fini
calls=1 -78 
* 740
+1 1
+11 2
+1 2
+5 5
-61 1
+1 4
+63 2
+1 10
cfi=(131)
cfn=(686)
calls=1 863 
* 632
* 3
+2 2
cfi=(164) /build/glibc-SzIz7B/glibc-2.31/posix/../sysdeps/unix/sysv/linux/_exit.c
cfn=(704) _Exit
calls=1 27 
* 6
-86 1
cfi=(159)
cfn=(636)
calls=1 +99 
* 12
* 1

fn=(632)
138 3
+1 3
-1 1
+1 1
cfn=(634)
calls=1 -99 
* 1492

fl=(107) /build/glibc-SzIz7B/glibc-2.31/ctype/ctype-info.c
fn=(334) __ctype_init
29 1
+2 7
+2 4
+2 4
+1 1

fl=(128) /build/glibc-SzIz7B/glibc-2.31/misc/sbrk.c
fn=(422) sbrk
32 96
+8 32
-8 64
+8 189
+4 64
+4 186
+12 5
-19 2
cfi=(129) /build/glibc-SzIz7B/glibc-2.31/misc/../sysdeps/unix/sysv/linux/x86_64/brk.c
cfn=(424) brk
calls=1 -13 
* 11
* 4
+15 62
cfi=(129)
cfn=(424)
calls=31 -28 
* 341
* 62
+4 155

fl=(161) /build/glibc-SzIz7B/glibc-2.31/stdlib/cxa_finalize.c
fn=(650) __cxa_finalize
30 18
+3 2
fi=(114)
+14 2
fe=(161)
-14 4
fi=(114)
+14 4
+4 2
fe=(161)
-15 6
+4 14
-4 6
+58 8
+4 12
-4 6
+12 4
+1 4
cfi=(162)
cfn=(654)
calls=2 -28 
* 34
+2 8
+1 16

fl=(127) /build/glibc-SzIz7B/glibc-2.31/malloc/morecore.c
fn=(420) __default_morecore
46 64
+1 32
cfi=(128)
cfn=(422)
calls=32 -15 
* 1273
+2 96
+3 64

fl=(132)
fn=(452) _IO_file_read
1131 255
+1 255
+2 255
-1 255
+1 510
cfi=(136) /build/glibc-SzIz7B/glibc-2.31/io/../sysdeps/unix/sysv/linux/read.c
cfn=(454) read
calls=255 25 
* 2040

fn=(702)
793 10
+5 8
+2 2
+1 4
+11 4
+4 8

fn=(440)
1147 4
+1 6
cfi=(134) /build/glibc-SzIz7B/glibc-2.31/io/../sysdeps/unix/sysv/linux/wordsize-64/fxstat.c
cfn=(442) _fxstat
calls=2 33 
* 22

fn=(434)
462 256
+4 768
-4 2040
+7 510
+6 765
+3 510
+12 508
fi=(135)
885 1275
fe=(132)
506 510
cfi=(131)
cfn=(450)
calls=255 164 
* 6375
+11 255
-5 510
fi=(135)
943 255
fe=(132)
512 255
fi=(135)
943 255
fe=(132)
512 765
fi=(135)
944 510
fe=(132)
517 1020
cfn=(452)
calls=255 1131 
* 3570
+2 510
+16 254
-9 254
+9 508
+2 508
+1 2032
-6 2
-10 4
+11 1
-11 2
+16 8
-57 3
+5 2
cfi=(131)
cfn=(436)
calls=1 343 
* 305
* 1
+4 3
-23 1
+71 1

fn=(518)
732 265
+1 212
+7 315
+35 106
+3 18
+3 27
+1 27
+1 18
+4 9
+1 36
-45 2
+12 2
+9 4
+5 2
+2 1
-2 1
+2 1
-2 2
+2 1
+1 1
-3 4
+3 4
+16 44
-12 44
+1 44
+11 88
-12 44
cfn=(520) _IO_do_write@@GLIBC_2.2.5
calls=44 424 
* 4735
+3 90
cfn=(520)
calls=9 424 
* 990
* 27
-34 2
cfi=(131)
cfn=(436)
calls=1 343 
* 305
+1 6

fn=(520)
424 53
+2 159
+1 1
-3 832
+10 104
+7 208
fi=(135)
944 104
fe=(132)
449 208
cfn=(622) _IO_file_write@@GLIBC_2.2.5
calls=52 1174 
* 2392
* 52
+1 260
+2 52
+4 52
-4 156
+1 104
+3 156
-2 52
-28 208
+1 416
+28 156

fn=(516)
1198 94952
+7 23738
-7 94952
+6 141876
+7 94400
+17 70800
+1 23589
+3 23589
-3 23589
+3 47178
+2 23589
+2 23589
+2 70767
-2 23589
cob=(2)
cfi=(18)
cfn=(528) 0x000000000486d5a0
calls=23589 0 
* 401823
+1 23589
+1 23589
-2 23589
+4 94292
+28 213642
-36 11
+12 11
fi=(135)
941 33
+2 22
+1 22
fe=(132)
1244 32
fi=(135)
941 96
+2 64
+1 64
fe=(132)
1244 129
cfn=(518)
calls=43 732 
* 5949
* 86
+6 86
+1 301
+2 86
+11 129
+1 172
cfi=(131)
cfn=(522)
calls=43 371 
* 3432
* 129

fn=(698)
382 6
+1 2
cfi=(131)
cfn=(700)
calls=2 +69 
* 140
* 4
+5 2
+2 4
-2 6
+3 4

fn=(622)
1174 364
+2 312
+5 52
cfi=(157)
cfn=(624)
calls=52 25 
* 468
+1 104
+5 52
+1 52
-12 104
+2 52
+2 104
+1 104
+10 156
+3 468

fl=(137) /build/glibc-SzIz7B/glibc-2.31/libio/iofgets.c
fn=(458) fgets
32 24501
+5 49002
-5 171507
+7 73503
+8 416517
+4 24501
+1 24501
+1 49002
-1 24501
+1 98004
-2 24501
+2 24501
cfi=(138) /build/glibc-SzIz7B/glibc-2.31/libio/iogetline.c
cfn=(460) _IO_getline
calls=24501 -20 
* 2418647
+3 24501
+1 24501
-1 49002
fi=(135)
885 245010
fe=(137)
66 171507
-10 49002
+4 24501
+1 24501
-1 24501
+3 49002
fi=(135)
884 73503
fe=(137)

fl=(129)
fn=(424)
28 32
+3 192
+2 64
+6 32
+1 32

fl=(75) /build/glibc-SzIz7B/glibc-2.31/string/../sysdeps/x86_64/multiarch/memset.c
fn=(244) memset
29 1
fi=(76) /build/glibc-SzIz7B/glibc-2.31/string/../sysdeps/x86_64/multiarch/ifunc-memset.h
+13 5
+4 2
-1 2
+12 4
+2 5
fe=(75)

fl=(77) /build/glibc-SzIz7B/glibc-2.31/wcsmbs/../sysdeps/x86_64/multiarch/wcschr.c
fn=(248) wcschr
31 2
fi=(167)
+1 6
-2 10
fe=(77)
+1 2

fl=(145) /build/glibc-SzIz7B/glibc-2.31/stdlib/../stdlib/strtol_l.c
fn=(486) ____strtoul_l_internal
226 423117
+54 141039
-54 423117
+19 141039
-19 564156
+26 282078
+31 564156
+9 846234
+2 282078
+5 282078
-1 141039
+6 282078
+4 282078
+10 281600
+10 563200
-82 140800
373 422400
+1 422400
+60 704239
+16 141039
+10 423117
-10 141039
+10 141039
+12 282078
-5 559608
+5 559608
+1 1678824
-41 1119216
+2 1956354
+2 1678824
+28 1678824
+3 1119216
+11 282078
+5 423117
+1 141039
+12 282078
+11 705195
+18 1128312
325 281600
-15 478
+15 478
+3 478
+46 239
-1 239
246 239
378 239
-4 239
+60 239

fl=(66) /build/glibc-SzIz7B/glibc-2.31/string/../sysdeps/x86_64/multiarch/strrchr.c
fn=(224) rindex
28 1
fi=(168)
+4 3
-2 5
fe=(66)
-2 1

fl=(119)
fn=(380) malloc
3023 98296
+8 98296
-8 393184
+8 98296
+1 196592
1208 196590
+2 393180
3044 393180
+3 196590
+9 262584
+2 262584
cfn=(416)
calls=87528 1208 
* 12454369
* 87528
+1 612696
+23 491475
1210 388624
3048 98293
+1 294879
2936 10767
+2 10767
-2 10767
+1 21534
+1 10767
+1 10767
3051 10767
-18 1
+49 3
-49 1
cfi=(120)
cfn=(382)
calls=1 29 
* 75017

fn=(586) realloc
3131 160
+7 32
+1 32
+4 30
+7 30
+6 15
-2 15
+5 15
-3 30
+2 30
+4 45
+1 45
+9 60
+1 30
1208 30
+2 90
3183 30
+71 135
-30 45
+2 60
cfn=(592)
calls=15 4540 
* 4260
* 15
+1 150
-87 1
3254 7
3140 1
cfi=(120)
cfn=(588)
calls=1 37 
* 142

fn=(592)
4540 128
+11 64
+1 64
+6 48
+2 32
+1 48
+2 64
+3 32
+10 32
+12 30
+12 45
cfn=(416)
calls=15 1208 
* 2040
* 15
+1 30
+3 15
+6 30
+39 144
-32 75
cob=(2)
cfi=(18)
cfn=(468) 0x000000000486d4d0
calls=15 0 
* 360
+1 60
cfn=(544) _int_free
calls=15 4155 
* 915
+2 30
-43 1
+1 1
-2 2
+4 2
+4 1
-4 5
+1 1
-1 2
+2 2
-1 1
+1 2
+2 1

fn=(416)
1208 175090
3513 87545
1210 87545
3513 700360
1210 175090
3553 1896
+24 1896
+61 86163
+2 86163
-2 86163
+2 172326
1210 173194
3553 173194
1637 173194
3577 173194
+58 36
+62 70
+1 6
3577 1896
1210 1896
3582 1896
+2 1896
-2 173158
+2 173158
-4 1380
+6 5520
+1 1380
+5 2760
+1 2760
+7 5520
-1 2760
+1 2760
+5 6900
+4 9190
2924 9190
-4 18380
+6 36760
-6 9190
+8 36760
3605 27570
+1 27897
+2 36760
-19 258489
1868 1380
3678 1380
1868 2760
4147 1219968
3637 258489
+3 947793
+77 86163
+1 86163
-1 172326
-1 172326
+2 172326
-1 2
+1 2
-1 4
-1 4
+2 4
-2 258492
+6 172328
+73 258492
-67 258492
-6 2
+73 3
-67 87
3917 172386
+2 6
+3 2
-3 2
+3 4
+68 172386
+1 86193
+1 86193
-1 86193
+1 86193
+1 172386
+1 258579
+5 172386
+4 258579
+3 344764
-3 258573
+3 344764
-3 172382
+3 258570
+97 86193
+1 172386
+2 172386
+3 258638
+17 177
+2 56
cfn=(570) malloc_consolidate
calls=28 4441 
* 2520
+3 28
-1 56
+1 28
-1 28
-16 86134
-3 86134
+1 172268
+2 86134
-1 86134
+1 86134
+2 86134
+3 86134
-5 430670
+2 86134
1868 258402
4141 124
cfn=(418) sysmalloc
calls=31 2255 
* 5216
* 31
+1 62
1868 93

fn=(412)
2981 1
-9 1
+9 6
fi=(126) /build/glibc-SzIz7B/glibc-2.31/malloc/../sysdeps/unix/sysv/linux/x86/lowlevellock.h
47 2
fe=(119)
2982 3
cfn=(416)
calls=1 1208 
* 362
* 1
+1 2
+8 4
+7 2
+2 1
+1 2
-1 1
+1 86
+3 2

fn=(418)
2255 248
+20 62
+11 62
+1 155
fi=(121)
536 93
fe=(119)
2302 124
+66 31
+1 93
+1 31
+9 274
+6 93
+3 93
2705 62
+1 31
+5 62
+3 62
+2 62
+1 31
-1 31
+2 93
+1 31
+1 31
+2 31
-3 62
+1 31
+8 279
2449 279
+11 31
+8 93
+2 155
cfi=(127)
cfn=(420)
calls=31 46 
* 1502
* 31
+1 31
+3 124
+3 62
+1 62
+46 216
+2 30
+6 60
-6 1
+6 62
+1 150
-8 2
2661 1
-1 1
+1 3
+1 1
+11 2
2535 4
+40 3
+22 1
+1 1
-1 1
+1 5
+2 2
+1 2
cfi=(127)
cfn=(420)
calls=1 46 
* 27
+12 2
+8 2
+1 9

fn=(542) free
3087 24306
+5 24306
+1 24306
+6 24306
+5 12153
-2 12153
+2 24306
+18 36459
+2 36459
+1 12153
+1 12153
-1 12153
cfn=(544)
calls=12153 4155 
* 952565

fn=(544)
4155 133848
+10 36504
+6 60840
+1 24336
+4 48672
+8 60840
-1 24336
+1 24336
+3 12168
+6 24336
+13 60840
+14 21144
+11 42280
+2 31710
1875 31710
4254 10570
+1 10570
+4 31710
+2 31710
+4 21140
+2 10570
+1 10570
+18 42036
4428 133848
4295 4
+3 2
+3 6
+7 2
-4 2
+4 4
+3 4
+5 6
+3 4
+1 4
+1 4
1875 6
4327 4
+9 4
+62 4
+20 6
2924 3192
+4 1596
-2 3192
+1 1596
+1 1596
4209 1596
4379 2
+1 6
+1 4
-68 6
-2 4

fn=(570)
4441 28
+17 28
-17 84
+28 28
-28 112
+15 28
+2 28
+13 56
+1 56
-1 504
+1 504
+58 840
+1 224

fl=(136)
fn=(454)
25 255
+1 1530
+1 255

fl=(96) /build/glibc-SzIz7B/glibc-2.31/string/../sysdeps/x86_64/multiarch/stpcpy.c
fn=(288) stpcpy
33 1
fi=(169)
+3 3
-2 1
+2 1
-2 2
fe=(96)
-1 1

fl=(122)
fn=(388)
126 7
+2 1
-2 4
+5 1
-5 1
+5 2
cob=(1)
cfi=(2) /build/glibc-SzIz7B/glibc-2.31/elf/rtld.c
cfn=(52) rtld_lock_default_lock_recursive
calls=1 801 
* 3
+2 2
cob=(2)
cfi=(18)
cfn=(390) 0x000000000486d510
calls=1 0 
* 893
+2 2
30 4
+4 2
+5 1
+6 1
-7 1
+2 2
+2 1
-2 1
+2 2
+3 2
+4 5
-5 4
+5 4043
+2 1010
+1 2020
-1 1
+1 2
+2 2757
+10 9308
+1 14980
+5 7074
-10 7074
+1 14148
+2 7043
+37 2
+1 1
+1 3
+3 2
+36 2
cob=(1)
cfi=(2)
cfn=(54) rtld_lock_default_unlock_recursive
calls=1 807 
* 3
+3 9
-79 2016
+52 1
+21 1
-21 2

fl=(80) /build/glibc-SzIz7B/glibc-2.31/string/../sysdeps/x86_64/multiarch/strncase.c
fn=(254) strncasecmp
31 1
fi=(170)
+1 4
fe=(80)
-1 1

fl=(117) /build/glibc-SzIz7B/glibc-2.31/setjmp/sigjmp.c
fn=(374) __sigjmp_save
28 3
+2 2
-1 1
+5 3

fl=(139) /build/glibc-SzIz7B/glibc-2.31/string/../sysdeps/x86_64/multiarch/memchr-avx2.S
fn=(466) __memchr_avx2
40 24583
+3 24583
+1 24583
+2 24583
+2 24583
+9 24583
+3 24583
+1 24583
+1 24583
+3 12631
+1 12631
+1 12631
+3 12631
+2 1036
+1 1036
+6 7
+1 7
+1 7
+4 7
+2 7
+1 7
+2 7
+4 11952
+1 11952
+1 11952
+1 11952
+2 11952
+1 11952
+1 11952
+1 3153
+3 3153
+1 3153
+2 15
+1 15
+1 15
+1 15
+8 8799
+1 8799
+3 8799
+1 8799
+3 2747
+3 2747
+1 2747
+6 18
+1 18
+1 18
+1 18
+2 16
+1 16
+1 16
+1 16
+2 16
+1 16
+1 16
+1 16
+2 16
+1 16
+1 16
+1 16
+2 16
+3 16
+1 16
+4 15
+1 15
+1 15
+4 45
+6 15
+1 15
+1 15
+1 15
+2 15
+1 15
+1 15
+2 15
+1 15
+1 15
-11 8
+1 8
+1 8
+1 8
+2 8
+1 8
+1 8
+2 8
+1 8
+1 8
+2 8
+5 8
+1 8
+4 2737
+1 2737
+2 1
+1 1
+1 1
+1 1
+2 1
+1 1
+1 1
+1 1
+2 1
+1 1
+1 1
+2 1
+1 1
+1 1
+13 2736
+1 2736
+1 2736
+1 2736
+2 2736
+1 248
+1 248
+12 14083
+2 14083
+1 14083
+1 14
+1 14
+1 14
+37 24537
+2 24537
+1 24537
+5 4
+1 4
+1 4
+1 4
+4 1
+1 1
+1 1
+1 1
+1 1
+4 5
+1 5
+1 5
+1 5
+1 5
+4 15
+1 15
+1 15
+1 13
+1 13
+1 13
+1 12
+1 12
+1 12
+1 7
+1 7
+2 7
+1 7
+1 7
+1 7
+1 7

fl=(63) /build/glibc-SzIz7B/glibc-2.31/string/../sysdeps/x86_64/multiarch/strncpy.c
fn=(218) strncpy
29 1
fi=(169)
+7 3
-2 1
+2 1
-2 2
fe=(63)
-5 1

fl=(94) /build/glibc-SzIz7B/glibc-2.31/string/../sysdeps/x86_64/multiarch/strspn.c
fn=(284) strspn
29 1
fi=(165)
+1 5
fe=(94)
-1 1

fl=(104) /build/glibc-SzIz7B/glibc-2.31/csu/init-first.c
fn=(326) _init
52 4
+3 3
+14 1
+8 1
-10 1
+1 1
+1 1
+8 1
cfi=(105) /build/glibc-SzIz7B/glibc-2.31/misc/init-misc.c
cfn=(328) __init_misc
calls=1 -47 
* 55
+8 2
-5 1
cfi=(107)
cfn=(334)
calls=1 -51 
* 17
-18 1
-7 1
+7 4

fl=(92) /build/glibc-SzIz7B/glibc-2.31/string/../sysdeps/x86_64/multiarch/memchr.c
fn=(280) memchr
29 1
fi=(168)
+3 3
-2 5
fe=(92)
-1 1

fl=(109) /build/glibc-SzIz7B/glibc-2.31/string/../sysdeps/x86/cacheinfo.c
fn=(338) init_cacheinfo
488 8
+14 6
758 2
+2 1
+1 1
+2 1
-3 1
+5 1
-5 1
+4 3
+4 2
+3 2
+2 1
+1 1
+2 1
-3 1
+5 1
-5 1
+4 3
+15 1
+2 6
-2 1
+3 8
500 1
+4 1
-4 1
+4 1
cfn=(340) handle_intel.constprop.0
calls=1 259 
* 446
+2 1
-2 1
+2 1
cfn=(340)
calls=1 259 
* 487
+5 1
-5 1
+5 1
cfn=(340)
calls=1 259 
* 512
* 1
+8 2
-9 1
+20 1
+5 2
+4 2
+8 6
+3 4
+6 2
-6 9
+6 6
+3 26
+14 2
+4 1
+3 1
+1 1
-4 1
+3 1
-3 1
+3 1
+6 4
-39 6
691 4
+1 4
+4 2
+59 2
564 2
+4 1
+1 1
-1 2
+1 1
+23 2
+8 2
+2 1
-2 6
+2 4
-2 1
+4 1
+23 2
-25 2
+2 6
+2 6
+3 2
+1 8
+2 4
+3 2
+5 1
+2 2
+1 1
+1 1
-2 2
+1 1
+1 1
+27 2
+1 2
+2 2
-1 2
-23 2
+3 1
+1 2
+3 1
+2 4
+1 1
+5 2

fn=(342) intel_check_word.isra.0
132 12
-4 36
+10 24
-10 6
+10 18
+2 60
+2 15
+2 30
+8 30
+51 24
+22 12
fi=(110) /build/glibc-SzIz7B/glibc-2.31/string/../bits/stdlib-bsearch.h
28 12
-1 12
+4 24
+1 12
fe=(109)
+87 24
fi=(110)
-88 18
+1 9
fe=(109)
+87 18
+3 81
fi=(110)
-93 192
+2 120
+1 60
fe=(109)
+87 120
+15 3
255 36
fi=(110)
37 15
-8 36
fe=(109)
164 9
+3 9
-6 13
+3 4
+9 4
+23 5
-32 15
+3 15
+4 14
+2 28
+2 14
+2 10
+4 3
+2 6
+2 3
+2 3
-1 3
-1 3
+2 6
-2 3
+3 9
-2 9
+2 6
-10 6
+1 2
-15 1
+7 2
+2 4

fn=(340)
259 21
+2 3
-2 9
+5 6
+8 6
+3 6
-2 3
+2 3
-5 6
+11 15
+5 6
+2 3
+1 3
-1 3
+5 18
cfn=(342)
calls=3 132 
* 960
+2 6
+3 21
cfn=(342)
calls=3 132 
* 308
+2 6
+19 33

fl=(71) /build/glibc-SzIz7B/glibc-2.31/string/../sysdeps/x86_64/multiarch/memcmp.c
fn=(236) bcmp
29 1
fi=(72) /build/glibc-SzIz7B/glibc-2.31/string/../sysdeps/x86_64/multiarch/ifunc-memcmp.h
+3 1
+1 3
-1 2
+2 3
+1 2
fe=(71)
-6 1

fl=(148) /build/glibc-SzIz7B/glibc-2.31/string/../sysdeps/x86_64/multiarch/strlen-avx2.S
fn=(512) __strlen_avx2
42 23324
+13 23324
+1 23324
+1 23324
+3 23324
+1 23324
+1 23324
+3 253
+1 253
+1 253
+8 253
+19 23071
+1 23071
+1 23071
+1 23071
+2 23071
+1 23071
+1 23071
+1 22925
+6 22925
+1 22925
+1 22925
+4 22925
+1 22925
+16 146
+10 146
+1 146
+1 146
+1 146
335 399
+1 399
+1 399
+4 399
+1 399

fl=(99) /build/glibc-SzIz7B/glibc-2.31/string/../sysdeps/x86_64/multiarch/strchrnul.c
fn=(294) strchrnul
31 1
fi=(168)
+1 3
-2 5
fe=(99)
+1 1

fl=(106) /build/glibc-SzIz7B/glibc-2.31/string/../sysdeps/x86_64/multiarch/strrchr-avx2.S
fn=(332) __strrchr_avx2
42 1
+1 1
+1 1
+2 1
+1 1
+3 1
+1 1
+1 1
+2 1
+1 1
+1 1
+1 1
+1 1
+1 1
+2 1
+1 1
+12 1
+1 1
216 1
+1 1
+1 1
+1 1
+1 1
+2 1
+1 1
+1 1
+1 1
+1 1

fl=(70) /build/glibc-SzIz7B/glibc-2.31/string/../sysdeps/x86_64/multiarch/mempcpy.c
fn=(232) mempcpy
33 1
fi=(62)
+12 3
-1 2
+5 2
-1 2
+12 2
+2 5
fe=(70)

fl=(134)
fn=(442)
33 8
+1 4
+1 8
+4 2

fl=(90) /build/glibc-SzIz7B/glibc-2.31/string/../sysdeps/x86_64/multiarch/memrchr.c
fn=(276) memrchr
29 1
fi=(168)
+3 3
-2 5
fe=(90)
-1 1

fl=(138)
fn=(460)
33 24501
+1 49002
cfn=(462) _IO_getline_info
calls=24501 +15 
* 2345144

fn=(462)
49 343014
+2 49002
+2 73503
+2 98004
+28 24536
+2 122680
cob=(2)
cfi=(18)
cfn=(464) 0x000000000486d420
calls=24536 -85 
* 594113
* 24536
+1 49072
+14 73608
+3 24536
-3 24536
cob=(2)
cfi=(18)
cfn=(468)
calls=24536 0 
* 370198
+2 24536
-1 24536
-46 49072
+2 73743
+1 49162
+2 90
cfi=(131)
cfn=(430)
calls=45 299 
* 7245
+1 90
+6 90
+11 45
-1 90
-22 111
+52 56
-52 48988
+52 195952

fl=(100) /build/glibc-SzIz7B/glibc-2.31/string/../sysdeps/x86_64/multiarch/strncase_l.c
fn=(296) strncasecmp_l
31 1
fi=(170)
+1 4
fe=(100)
-1 1

fl=(69) /build/glibc-SzIz7B/glibc-2.31/wcsmbs/../sysdeps/x86_64/multiarch/wcscmp.c
fn=(230) wcscmp
30 1
fi=(167)
+2 3
-2 6
fe=(69)

fl=(108) /build/glibc-SzIz7B/glibc-2.31/libio/vtables.c
fn=(336) check_stdfiles_vtables
83 1
+1 4
+1 3
+1 3
+2 1

fl=(164)
fn=(704)
27 3
+4 1
+2 2

fl=(74) /build/glibc-SzIz7B/glibc-2.31/string/../sysdeps/x86_64/multiarch/strcmp.c
fn=(242) strcmp
53 1
-12 3
-2 1
+2 1
-2 2
+14 1

fl=(82) /build/glibc-SzIz7B/glibc-2.31/string/../sysdeps/x86_64/multiarch/memcpy.c
fn=(258) memcpy@@GLIBC_2.14
29 1
fi=(62)
+16 3
-1 2
+5 2
-1 2
+12 2
+2 5
fe=(82)

fl=(151) /build/glibc-SzIz7B/glibc-2.31/libio/iogetdelim.c
fn=(578) getdelim
41 460
+5 184
+6 276
+7 92
+2 46
+1 46
-1 46
+1 46
cob=(2)
cfi=(18)
cfn=(444)
calls=46 -62 
* 2318
* 46
+1 92
+7 138
+1 92
-30 92
+55 47
-1 141
+1 141
+4 48
+2 32
cob=(2)
cfi=(18)
cfn=(582) 0x000000000486d370
calls=16 0 
* 6161
+1 32
-1 16
+1 16
+5 16
+1 48
+2 64
cob=(2)
cfi=(18)
cfn=(468)
calls=16 0 
* 696
* 124
cob=(2)
cfi=(18)
cfn=(468)
calls=31 0 
* 523
+1 47
+2 96
cfi=(131)
cfn=(630)
calls=1 269 
* 136
* 2
+2 2
-21 1
+21 1
-31 5
cob=(2)
cfi=(18)
cfn=(464)
calls=1 -85 
* 21
* 230
cob=(2)
cfi=(18)
cfn=(464)
calls=46 -85 
* 1981
+2 47
-2 47
+2 188
+1 188
fi=(135)
884 138
+1 414
fe=(151)
124 414
-72 230
fi=(149)
-5 46
fe=(151)
+5 92
fi=(149)
-5 46
fe=(151)
+5 184
+1 92
+65 92
+1 92

fl=(91) /build/glibc-SzIz7B/glibc-2.31/string/../sysdeps/x86_64/multiarch/strcasecmp_l.c
fn=(278) strcasecmp_l
31 1
fi=(170)
+1 4
fe=(91)
-1 1

fl=(156)
fn=(616)
165 276
+3 552
+2 276
+9 8424
+9 276

fl=(84) /build/glibc-SzIz7B/glibc-2.31/wcsmbs/../sysdeps/x86_64/multiarch/wmemset.c
fn=(264) wmemset
31 2
fi=(85) /build/glibc-SzIz7B/glibc-2.31/wcsmbs/../sysdeps/x86_64/multiarch/ifunc-wmemset.h
+1 4
-2 2
+2 6
-2 4
+5 2
-1 2
+1 2
-1 6
fe=(84)
-3 4

fl=(65) /build/glibc-SzIz7B/glibc-2.31/string/../sysdeps/x86_64/multiarch/strcat.c
fn=(222) strcat
29 1
fi=(169)
+7 3
-2 1
+2 1
-2 2
fe=(65)
-5 1

fl=(86) /build/glibc-SzIz7B/glibc-2.31/wcsmbs/../sysdeps/x86_64/multiarch/wcscpy.c
fn=(268) wcscpy
43 1
-6 5
+6 1

fl=(150) /build/glibc-SzIz7B/glibc-2.31/stdio-common/getline.c
fn=(576) getline
27 92
+1 92
cfi=(151)
cfn=(578)
calls=46 +13 
* 16911

fl=(116)
fn=(372)
30 1
+2 1
+9 1
+1 2
+1 1
+4 1
+1 1
+1 1
+1 1
+1 1
+2 2
+2 1
+1 1
+1 1
+2 2
+2 1
+5 1
+1 1
+17 1
cfi=(117)
cfn=(374)
calls=1 -56 
* 9

fl=(113)
fn=(356) __new_exitfn
82 1
+6 2
-6 4
+11 4
-10 2
+12 4
-2 1
+10 1
-10 3
+45 1
+5 1
-4 1
+4 4
-18 1
-1 1
+1 1

fn=(352)
69 6
-28 3
+2 1
fi=(114)
+4 1
fe=(113)
-4 2
fi=(114)
+4 2
fe=(113)
-3 2
cfn=(356)
calls=1 +38 
* 32
+2 2
+10 1
-3 1
+5 1
-5 2
+3 1
-1 1
+1 1
+3 4
+12 5

fl=(144)
fn=(484)
97 141039
+1 423117
cfi=(145)
cfn=(486)
calls=141039 226 
* 21913999

fl=(88) /build/glibc-SzIz7B/glibc-2.31/string/../sysdeps/x86_64/multiarch/strchr.c
fn=(272) index
49 1
-9 3
-2 1
+2 1
-2 2
+11 1

fl=(105)
fn=(328)
30 1
+1 2
-1 4
+1 3
+2 3
cob=(2)
cfi=(18)
cfn=(330) 0x000000000486d5e0
calls=1 -33 
* 30
+4 5
+1 3
+2 4

ob=(2)
fl=(18)
fn=(602) 0x0000000000109120
0 276
cob=(3)
cfi=(152)
cfn=(604)
calls=138 28 
0 87530

fn=(106) 0x00000000040010f0
0 2
cob=(1)
cfi=(36) /build/glibc-SzIz7B/glibc-2.31/elf/dl-error-skeleton.c
cfn=(108) _dl_catch_error
calls=1 225 
0 2853

fn=(468)
0 49196
cob=(3)
cfi=(140)
cfn=(470)
calls=24598 225 
0 322581

fn=(506) 0x0000000000109100
0 46648
cob=(3)
cfi=(147)
cfn=(508)
calls=23324 33 
0 3813442

fn=(510)
0 46648
cob=(3)
cfi=(148)
cfn=(512)
calls=23324 42 
0 466052

fn=(684) 0x000000000483129c
0 4

fn=(44) 0x00000000040010a0
0 44
cob=(1)
cfi=(19) /build/glibc-SzIz7B/glibc-2.31/elf/dl-minimal.c
cfn=(46) malloc
calls=22 49 
0 596

fn=(92) 0x0000000004001080
0 6
cob=(1)
cfi=(19)
cfn=(94) free
calls=3 109 
0 15

fn=(360) 0x0000000000109000
0 7

fn=(426) 0x0000000000109140
0 271462
cob=(3)
cfi=(130)
cfn=(428)
calls=135731 34 
0 2584002

fn=(456) 0x0000000000109130
0 49002
cob=(3)
cfi=(137)
cfn=(458)
calls=24501 32 
0 4182719

fn=(540) 0x00000000001090e0
0 24306
cob=(3)
cfi=(119)
cfn=(542)
calls=12153 3087 
0 1207778

fn=(608)
0 552
cob=(3)
cfi=(154)
cfn=(610)
calls=276 44 
0 6348

fn=(666) 0x000000000010c218
0 4

fn=(444)
0 96
cob=(3)
cfi=(119)
cfn=(380)
calls=48 3023 
0 2596

fn=(464)
0 49166
cob=(3)
cfi=(139)
cfn=(466)
calls=24583 40 
0 546949

fn=(110) 0x0000000004001090
0 6
cob=(1)
cfi=(36)
cfn=(112) _dl_catch_exception
calls=3 175 
0 9058

fn=(406)
0 24
cob=(1)
cfi=(8) /build/glibc-SzIz7B/glibc-2.31/elf/dl-tunables.c
cfn=(26) __tunable_get_val
calls=11 368 
0 218
cob=(1)
cfi=(123) /build/glibc-SzIz7B/glibc-2.31/elf/../sysdeps/x86_64/dl-trampoline.h
cfn=(396) _dl_runtime_resolve_xsave
calls=1 67 
0 797
0 5

fn=(582)
0 32
cob=(3)
cfi=(119)
cfn=(586)
calls=15 3131 
0 5370
cob=(1)
cfi=(123)
cfn=(396)
calls=1 67 
0 754
0 5

fn=(648) 0x00000000001090d0
0 2
cob=(3)
cfi=(161)
cfn=(650)
calls=1 30 
0 75

fn=(674)
0 2
cob=(3)
cfi=(161)
cfn=(650)
calls=1 30 
0 75

fn=(474) 0x0000000000109160
0 282030
cob=(3)
cfi=(141)
cfn=(476)
calls=141015 25 
0 106983437

fn=(40) 0x00000000040010c0
0 16
cob=(1)
cfi=(19)
cfn=(42) calloc
calls=8 92 
0 334

fn=(378) 0x0000000000109150
0 196496
cob=(3)
cfi=(119)
cfn=(380)
calls=98248 3023 
0 17175798

fn=(390)
0 2
cob=(1)
cfi=(123)
cfn=(396)
calls=1 67 
0 886
0 5

fn=(574) 0x0000000000109170
0 92
cob=(3)
cfi=(150)
cfn=(576)
calls=46 27 
0 17095

fn=(330)
0 2
cob=(3)
cfi=(106)
cfn=(332)
calls=1 42 
0 28

fn=(528)
0 47178
cob=(3)
cfi=(140)
cfn=(530)
calls=23589 212 
0 354645

fn=(316) 0x0000000004831000
0 7

ob=(5)
fl=(118)
fn=(494) new_car
879 697938
+1 581615
cfn=(496) little_rb_search
calls=116323 438 
* 11685478
* 116323
+1 232646
+1 108150
+4 21630
-2 473465
cfn=(498) little_rb_insert
calls=94693 573 
* 38738938
+2 348969

fn=(504) little_left_rotate
454 131365
+1 78819
+1 105092
+1 131365
+1 25484
+2 25484
+1 31855
-1 79608
+1 99510
+1 3900
+1 126490
+1 83655
+2 34268
+2 25701
+1 25701
+1 8567
+1 17134
-3 53118
+1 53118
+1 17706
+1 35412

fn=(568) free_list
83 120
+1 48
+1 69
+1 69
cob=(2)
cfi=(18)
cfn=(540)
calls=23 -86 
* 1932
+1 69
cfn=(569) free_list'2
calls=23 -4 
* 9415
* 23
-3 1
+4 48

fn=(569)
83 560
+1 224
+1 267
+1 267
cob=(2)
cfi=(18)
cfn=(540)
calls=89 -86 
* 7494
+1 267
cfn=(569)
calls=89 -4 
* 16551
* 89
-3 23
+4 224

fn=(618) print_list
888 110
+1 44
+1 132
cob=(2)
cfi=(18)
cfn=(602)
calls=22 0 
* 13954
+1 88
cfn=(619) print_list'2
calls=22 -3 
* 56542
+2 66

fn=(619)
888 540
+1 216
+1 516
cob=(2)
cfi=(18)
cfn=(602)
calls=86 0 
* 54602
+1 344
cfn=(619)
calls=86 -3 
* 97780
+2 324

fn=(536) little_rb_minimum
491 288
+1 72
+1 219
-1 725
+3 72
+1 144

fn=(538) little_rb_transplant
515 1218
+1 1015
+1 20
+1 990
+1 605
+2 308
+2 308
+1 77
+1 154
-2 504
+1 126
+1 252

fn=(558) free_parking
90 730
+1 438
+1 584
cfn=(559) free_parking'2
calls=146 -2 
* 732864
+1 584
cfn=(559)
calls=146 -3 
* 794288
+1 438
cob=(2)
cfi=(18)
cfn=(540)
calls=146 -94 
* 15184
+2 438

fn=(559)
90 113940
+1 68364
+1 44992
cfn=(559)
calls=11248 -2 
* 3432136
+1 44992
cfn=(559)
calls=11248 -3 
* 3462329
+1 33744
cob=(2)
cfi=(18)
cfn=(540)
calls=11248 -94 
* 1152756
+2 68364

fn=(376)
1046 10
+9 2
cob=(2)
cfi=(18)
cfn=(378)
calls=1 0 
* 75033
* 1
+1 2
+1 2
+1 2
+1 2
+1 2
cob=(2)
cfi=(18)
cfn=(378)
calls=1 0 
* 191
* 1
+1 2
+1 2
+1 2
+1 2
+2 2
+2 1
cob=(2)
cfi=(18)
cfn=(426)
calls=1 0 
* 490
* 2
+1 70038
+4 255290
+3 114710
cob=(2)
cfi=(18)
cfn=(456)
calls=22942 0 
* 3961227
* 45884
+2 22942
cob=(2)
cfi=(18)
cfn=(426)
calls=22942 0 
* 482888
* 22942
+1 22942
cob=(2)
cfi=(18)
cfn=(426)
calls=22942 0 
* 482256
+1 71136
+3 5775
cob=(2)
cfi=(18)
cfn=(456)
calls=1155 0 
* 200899
* 2310
+1 5775
cob=(2)
cfi=(18)
cfn=(474)
calls=1155 0 
* 939766
* 2310
+1 4620
cfn=(490) rb_insert
calls=1155 276 
* 522698
* 1155
+1 2310
+1 32
cob=(2)
cfi=(18)
cfn=(506)
calls=16 0 
* 2576
+1 32
cfn=(572) ignoreLine
calls=16 802 
* 13002
+19 16
-16 5695
cob=(2)
cfi=(18)
cfn=(474)
calls=1139 0 
* 700935
* 2278
+1 3417
+1 1850
cob=(2)
cfi=(18)
cfn=(378)
calls=925 0 
* 152714
* 2775
+1 3700
cob=(2)
cfi=(18)
cfn=(378)
calls=925 0 
* 147540
* 925
+1 4625
+1 2775
+2 2278
+1 472775
cob=(2)
cfi=(18)
cfn=(474)
calls=94555 0 
* 70139123
* 189110
+1 661885
+1 17488
+1 34976
cfn=(494)
calls=4372 879 
* 1647866
* 721464
cfn=(494)
calls=90183 879 
* 41489441
-4 381637
+6 2278
cob=(2)
cfi=(18)
cfn=(506)
calls=1139 0 
* 188879
+1 1139
cob=(2)
cfi=(18)
cfn=(426)
calls=1139 0 
* 23919
+2 1139
+3 21787
cob=(2)
cfi=(18)
cfn=(426)
calls=21787 0 
* 458001
+1 21787
cob=(2)
cfi=(18)
cfn=(426)
calls=21787 0 
* 458791
+1 21787
cob=(2)
cfi=(18)
cfn=(426)
calls=21787 0 
* 458791
+1 108935
cob=(2)
cfi=(18)
cfn=(474)
calls=21787 0 
* 17877627
* 43574
+1 87148
cfn=(526) rb_search
calls=21787 130 
* 3278820
* 21787
+1 43574
+1 38
cob=(2)
cfi=(18)
cfn=(506)
calls=19 0 
* 3059
+1 38
cfn=(572)
calls=19 802 
* 5821
+14 19
-12 87072
+1 428
cob=(2)
cfi=(18)
cfn=(378)
calls=214 0 
* 35435
* 642
+1 856
cob=(2)
cfi=(18)
cfn=(378)
calls=214 0 
* 34263
* 214
+1 1070
+1 642
+2 1070
cob=(2)
cfi=(18)
cfn=(474)
calls=214 0 
* 167826
* 107770
cob=(2)
cfi=(18)
cfn=(474)
calls=21554 0 
* 16928104
* 43536
+1 152376
+1 3936
+1 7872
cfn=(494)
calls=984 879 
* 367138
* 166272
cfn=(494)
calls=20784 879 
* 9500707
+1 43536
cob=(2)
cfi=(18)
cfn=(506)
calls=21768 0 
* 3602834
+2 21768
+5 22942
+3 810
cob=(2)
cfi=(18)
cfn=(456)
calls=162 0 
* 27854
* 324
+1 810
cob=(2)
cfi=(18)
cfn=(474)
calls=162 0 
* 134017
* 324
+1 648
cfn=(526)
calls=162 130 
* 19921
* 162
+1 324
+1 32
cob=(2)
cfi=(18)
cfn=(506)
calls=16 0 
* 2640
+5 16
-3 584
cfn=(552) rb_delete
calls=146 369 
* 1603641
+1 292
cob=(2)
cfi=(18)
cfn=(506)
calls=146 0 
* 24674
+2 146
+3 1090
cob=(2)
cfi=(18)
cfn=(456)
calls=218 0 
* 37616
* 436
+1 1090
cob=(2)
cfi=(18)
cfn=(474)
calls=218 0 
* 181169
* 436
+1 872
cfn=(526)
calls=218 130 
* 27012
* 218
+1 436
+1 22
cob=(2)
cfi=(18)
cfn=(506)
calls=11 0 
* 1771
+1 22
cfn=(572)
calls=11 802 
* 3500
+9 11
-7 1035
cob=(2)
cfi=(18)
cfn=(474)
calls=207 0 
* 162882
* 414
+1 1242
cfn=(532) remove_car
calls=207 810 
* 55894
* 207
+1 621
+1 360
cob=(2)
cfi=(18)
cfn=(506)
calls=180 0 
* 28980
+4 180
-2 54
cob=(2)
cfi=(18)
cfn=(506)
calls=27 0 
* 4347
+2 27
+3 120
cob=(2)
cfi=(18)
cfn=(456)
calls=24 0 
* 4125
* 48
+1 144
cob=(2)
cfi=(18)
cfn=(474)
calls=24 0 
* 34018
* 48
+1 96
+1 24
+1 24
+1 96
cfn=(526)
calls=24 130 
* 2908
* 24
+1 96
cfn=(526)
calls=24 130 
* 2978
* 24
+1 24
+1 96
+1 90
cfn=(560) compute_path
calls=15 909 
* 369550
* 15
+1 45
+1 2
cob=(2)
cfi=(18)
cfn=(506)
calls=1 0 
* 165
* 1
+3 42
cfn=(618)
calls=14 888 
* 50371
+1 70
cob=(2)
cfi=(18)
cfn=(602)
calls=14 0 
* 9058
+2 45
cfn=(568)
calls=15 83 
* 8099
+17 15
-15 54
cfn=(596) rev_compute_path
calls=9 947 
* 48480781
* 9
+2 27
+1 2
cob=(2)
cfi=(18)
cfn=(506)
calls=1 0 
* 165
+12 1
-10 40
cob=(2)
cfi=(18)
cfn=(602)
calls=8 0 
* 5176
+1 24
cfn=(618)
calls=8 888 
* 20565
+1 40
cob=(2)
cfi=(18)
cfn=(602)
calls=8 0 
* 5016
+1 24
cfn=(568)
calls=8 83 
* 3273
+7 8
1068 23346
cob=(2)
cfi=(18)
cfn=(426)
calls=23346 0 
* 490328
* 70040
1213 1
+1 7

fn=(498)
573 568158
+1 189386
cob=(2)
cfi=(18)
cfn=(378)
calls=94693 0 
* 16706364
* 94693
+2 284079
+1 284079
+1 284079
+1 189386
+1 189386
+1 189386
+2 284079
+1 284079
+2 94693
+1 1112828
+1 2782070
+1 1112024
+1 1392040
+1 1113632
-5 1953321
+11 284079
+1 284079
+1 4556
+1 467770
+1 188272
+2 139458
+2 232430
cfn=(500) little_rb_insert_fixup
calls=46486 -79 
* 3719388
* 241035
cfn=(500)
calls=48207 -79 
* 3786030
+2 94693
+1 189386

fn=(534) little_rb_delete
666 930
+2 310
+1 465
+2 775
+1 225
+1 525
cfn=(538)
calls=75 515 
* 2066
* 75
+1 400
+1 24
+1 56
cfn=(538)
calls=8 515 
* 219
* 8
+2 288
cfn=(536)
calls=72 491 
* 1520
* 72
+1 216
+1 216
+1 288
+1 96
+2 336
cfn=(538)
calls=48 515 
* 1344
+1 192
+1 192
+2 288
cfn=(538)
calls=48 515 
* 1288
* 144
cfn=(538)
calls=24 515 
* 660
+1 288
+1 288
+1 288
+2 310
+1 310
cfn=(550) little_rb_delete_fixup
calls=62 -85 
* 5512
+3 465
cob=(2)
cfi=(18)
cfn=(540)
calls=155 0 
* 13240
+1 155
+1 310

fn=(550)
609 372
+3 62
+1 180
+1 88
+1 88
+1 8
+1 12
+1 24
cfn=(504)
calls=4 454 
* 194
+1 16
+2 145
+1 4
+1 8
+2 100
+1 21
+1 14
+1 35
cfn=(502) little_right_rotate
calls=7 472 
* 308
+1 28
+2 35
+1 21
+1 21
+1 42
cfn=(504)
calls=7 454 
* 312
-3 65
+1 39
+1 39
+1 78
cfn=(504)
calls=13 454 
* 610
+1 80
+3 56
+1 56
+1 6
+1 9
+1 18
cfn=(502)
calls=3 472 
* 147
+1 12
+2 90
+1 4
+1 8
+2 60
+1 12
+1 8
+1 20
cfn=(504)
calls=4 454 
* 180
+1 16
+2 20
+1 12
+1 12
+1 24
cfn=(502)
calls=4 472 
* 177
-3 40
+1 24
+1 24
+1 48
cfn=(502)
calls=8 472 
* 378
+1 36
-47 656
+51 124
+1 62
+1 124

fn=(560)
909 105
+2 45
+1 32340
+1 90
cfn=(566) l_list_insert
calls=15 -11 
* 2607
+1 45
+2 90
cfn=(561) compute_path'2
calls=15 -7 
* 183701
* 15
-5 9657
cfn=(562) rb_successor
calls=3219 195 
* 118202
* 22623
+13 30

fn=(561)
909 469
+2 201
+1 30310
+1 396
cfn=(566)
calls=66 -11 
* 13176
+1 198
+1 42
+1 312
cfn=(561)
calls=52 -7 
* 157803
* 52
-5 8895
cfn=(562)
calls=2965 195 
* 107928
* 21157
+8 3
+1 4
cfn=(568)
calls=1 83 
* 422
+1 2
+3 134

fn=(626) little_rb_maximum
508 8
+1 2
+1 21
-1 45
+3 2
+1 4

fn=(502)
472 130020
+1 78012
+1 104016
+1 130020
+1 25416
+2 25416
+1 31770
-1 78600
+1 98250
+1 3840
+1 125220
+1 41715
+2 66804
+2 50103
+1 50103
+1 16701
+1 33402
-3 27909
+1 27909
+1 9303
+1 18606

fn=(566)
902 672
+1 224
cob=(2)
cfi=(18)
cfn=(378)
calls=112 0 
* 19775
* 112
+1 336
+1 448
+1 336
+1 336

fn=(572)
802 322
+1 46
+1 46
+1 276
cob=(2)
cfi=(18)
cfn=(574)
calls=46 0 
* 17187
* 92
+1 138
cob=(2)
cfi=(18)
cfn=(540)
calls=46 0 
* 3940
+1 46
+1 230

fn=(596)
947 90
+3 81
+1 27
+1 10806
+1 18
+1 9
+2 7186
+1 7186
+1 7186
+1 9953991
+1 9831462
+1 2704370
-3 1622622
cfn=(598) rb_predecessor
calls=540874 206 
* 19974546
* 125022
cfn=(598)
calls=41674 206 
* 1574146
* 582548
+1 582548
-8 10806
cfn=(562)
calls=3602 195 
* 132544
* 36095
+26 36
+2 2
+2 56
cob=(2)
cfi=(18)
cfn=(378)
calls=8 0 
* 1528
* 8
+1 16
+1 282
-1 267
+4 112
+1 40
+1 93
+1 131070
+1 13247
-2 3057
cfn=(598)
calls=1019 206 
* 38274
* 34536
cfn=(598)
calls=11512 206 
* 424540
* 87903
-1 109
+8 24
+1 61776
+1 2902
-2 4353
cfn=(598)
calls=1451 206 
* 53386
* 6279
cfn=(598)
calls=2093 206 
* 77566
* 24856
+5 8
+16 24
+1 1804
+1 72
+1 48
cfn=(566)
calls=8 902 
* 1557
+1 8
-4 1329
cfn=(562)
calls=443 195 
* 16200
* 2247
+9 16
+1 69
+1 28958
+1 184
+1 138
cfn=(566)
calls=23 902 
* 4899
+1 23
-4 18792
cfn=(562)
calls=6264 195 
* 229916
* 43986
-1 147
+10 24
cob=(2)
cfi=(18)
cfn=(540)
calls=8 0 
* 672
+2 8
+1 45

fn=(600) rb_maximum
189 1220412
+1 305103
+1 870078
-1 2975645
+3 305103
+1 610206

fn=(492) rb_insert_fixup
229 6834
+1 4556
+1 2
+43 1
-40 3414
+2 4552
+1 3440
+1 1372
+1 1372
+1 346
+1 346
+1 519
+1 1038
cfn=(493) rb_insert_fixup'2
calls=173 -14 
* 12820
+31 173
-29 680
+1 180
+1 450
cfn=(548) left_rotate
calls=90 146 
* 4050
+1 270
+2 180
+1 270
+1 540
cfn=(546) right_rotate
calls=90 -88 
* 3996
-2 160
+1 240
+1 480
cfn=(546)
calls=80 -88 
* 3556
+22 170
-19 1380
+1 1380
+1 368
+1 368
+1 552
+1 1104
cfn=(493)
calls=184 -31 
* 12708

ob=(1)
fl=(50) /build/glibc-SzIz7B/glibc-2.31/elf/dl-cache.c
fn=(306) _dl_unload_cache
348 1
+1 4
-1 1
+3 2
cfi=(101) /build/glibc-SzIz7B/glibc-2.31/misc/../sysdeps/unix/syscall-template.S
cfn=(308) munmap
calls=1 78 
* 6
+1 1
+2 2

fn=(160) _dl_load_cache_lookup
187 10
+8 2
+3 3
+72 5
+11 1
-2 1
fi=(52) /build/glibc-SzIz7B/glibc-2.31/elf/../sysdeps/x86/dl-procinfo.h
39 2
+3 3
cfi=(22) /build/glibc-SzIz7B/glibc-2.31/string/../sysdeps/x86_64/strcmp.S
cfn=(58) strcmp
calls=1 +69 
* 25
* 4
fe=(50)
285 4
cfi=(8)
cfn=(26)
calls=1 +83 
* 20
* 2
+8 2
+15 105
cfn=(168) _dl_cache_libcmp
calls=8 141 
* 585
* 56
cfn=(168)
calls=1 141 
* 71
* 6
-14 1
-1 2
+1 2
-1 2
+15 22
+16 2
+4 2
+8 3
cfi=(14) /build/glibc-SzIz7B/glibc-2.31/string/../sysdeps/x86_64/multiarch/../strlen.S
cfn=(30) strlen
calls=1 41 
* 35
* 13
+1 2
-1 1
+1 1
cfi=(20) /build/glibc-SzIz7B/glibc-2.31/string/../sysdeps/x86_64/multiarch/memmove-vec-unaligned-erms.S
cfn=(48) memcpy
calls=1 127 
* 11
* 1
+1 1
cfi=(32) /build/glibc-SzIz7B/glibc-2.31/string/strdup.c
cfn=(90) strdup
calls=1 40 
* 91
+1 8
-3 2
201 4
cfi=(38) /build/glibc-SzIz7B/glibc-2.31/elf/dl-misc.c
cfn=(162) _dl_sysdep_read_whole_file
calls=1 44 
* 99
* 1
+8 5
+1 8
+3 1
fi=(51) /build/glibc-SzIz7B/glibc-2.31/elf/../sysdeps/generic/dl-cache.h
-60 5
fe=(50)
320 7
218 1
+1 2

fn=(168)
141 9
+1 38
+2 180
+20 88
+2 88
+5 72
-1 36
+1 36
-29 72
+32 3
-28 2
+6 1
+2 1
-2 1
+1 2
-1 1
+2 3
+2 3
-3 1
+3 1
+2 2
+9 16

fl=(102) /build/glibc-SzIz7B/glibc-2.31/elf/dl-init.c
fn=(314) call_init.part.0
28 32
+8 4
-8 4
+11 4
-3 8
+3 12
+5 9
+5 4
+9 12
cob=(3)
cfi=(104)
cfn=(326)
calls=1 -6 
* 94
cob=(2)
cfi=(18)
cfn=(316)
calls=1 -58 
* 7
* 2
+4 4
+6 2
+2 4
-2 4
+3 10
+1 8
cob=(3)
cfi=(108)
cfn=(336)
calls=1 +11 
* 12
cob=(4)
cfi=(103)
cfn=(320)
calls=1 -72 
* 12
* 4
cob=(3)
cfi=(109)
cfn=(338)
calls=1 488 
* 1688
-1 9
+3 24
-29 3
-5 3

fn=(312) _dl_init
79 12
+1 1
+1 1
+3 3
+8 2
+25 1
+1 5
+1 2
-89 2
+89 6
-89 18
cfn=(314)
calls=3 -2 
* 1907
+88 12
+7 8
-95 3
cfn=(314)
calls=1 -2 
* 72
+57 2

fl=(31) /build/glibc-SzIz7B/glibc-2.31/string/../sysdeps/x86_64/multiarch/../strchr.S
fn=(88) index
23 6
+1 6
+1 6
+1 6
+1 6
+1 6
+1 6
+1 6
+1 6
+1 6
+1 6
+1 6
+1 6
+1 6
+1 6
+1 6
+1 6
+1 6
+1 4
+4 4
+1 4
+1 4
+1 4
+2 4
+4 2
+1 2
+1 2
+1 2
+1 2
+1 2
+1 2
+1 2
+1 2
+1 2
+1 2
+1 2
+1 2
+1 2
+1 2
+1 2
+1 2
+1 2
+1 2
+1 2
+1 2
+1 2
+1 2
+1 4
+5 1
+1 1
+3 1
+1 1
+1 1
+1 1
+1 1
+1 1
+1 1
+1 1
+1 1
+1 1
+1 1
+1 1
+1 1
+1 1
+1 1
+1 1
+1 1
+1 1
+2 1
+1 1
+2 1
+1 1
+1 1
+1 1
+1 1
+1 1
+1 1
+1 1
+2 1
+1 1
+1 1
+1 1
+1 1
+1 1
+1 1
+1 1
+1 1
+1 1
+3 1
+4 1
+1 1
+1 1
+1 1
+2 1
-9 1
+4 1
+1 1
+1 1
+1 1
+2 1

fl=(32)
fn=(90)
40 15
+1 3
cfi=(14)
cfn=(30)
calls=3 * 
* 113
* 3
+1 6
cob=(2)
cfi=(18)
cfn=(44)
calls=3 -42 
* 81
+2 6
+4 3
-1 9
+1 6
-1 3
cfi=(20)
cfn=(48)
calls=3 +80 
* 49

fl=(46) /build/glibc-SzIz7B/glibc-2.31/io/../sysdeps/unix/sysv/linux/close_nocancel.c
fn=(144) __GI___close_nocancel
25 3
+1 12
+1 3

fl=(48) /build/glibc-SzIz7B/glibc-2.31/elf/dl-deps.c
fn=(152) openaux
61 6
+7 2
-4 4
+1 2
-1 16
cfi=(27) /build/glibc-SzIz7B/glibc-2.31/elf/dl-load.c
cfn=(118) _dl_map_object
calls=2 1927 
* 6076
* 2
+5 4

fn=(148) _dl_map_object_deps
159 2
+1 3
-1 2
+1 1
-1 1
+1 1
-1 5
+1 3
-1 1
+1 1
-1 1
+1 7
-15 1
+15 2
-8 1
-6 1
-1 1
+15 1
-16 1
+8 3
-6 1
+6 1
+24 3
-28 3
-2 1
+31 1
-33 2
+2 5
-1 4
+7 4
+24 7
+4 1
fi=(55) /build/glibc-SzIz7B/glibc-2.31/elf/../include/scratch_buffer.h
77 3
fe=(48)
198 1
fi=(55)
78 1
fe=(48)
200 2
+87 1
-89 1
+4 1
+7 1
+4 4
-4 3
+4 12
+11 12
-18 2
+18 4
433 12
+2 2
+3 2
-3 4
+3 4
cob=(2)
cfi=(18)
cfn=(44)
calls=2 0 
* 54
* 2
+1 4
+6 2
+1 10
cfi=(20)
cfn=(48)
calls=2 127 
* 22
+1 10
cfi=(20)
cfn=(48)
calls=2 127 
* 22
+4 2
-1 2
+5 16
202 9
458 9
-1 4
+1 8
199 3
+27 2
+11 2
-5 2
-6 4
+5 2
+2 4
+1 4
+3 8
+66 2
-97 2
+97 2
-66 2
+66 4
-65 6
+6 8
cfi=(27)
cfn=(150) _dl_dst_count
calls=2 -13 
* 108
* 6
+4 6
-2 2
+2 2
cob=(2)
cfi=(18)
cfn=(110)
calls=2 0 
* 6234
+1 4
+9 2
+2 4
+5 10
+6 2
+2 2
-8 4
+3 2
+1 2
+1 2
+1 2
+4 10
+4 6
+1 3
-43 204
+1 98
+44 147
-38 4
fi=(55)
85 3
fe=(48)
464 6
+1 1
+3 5
+11 4
cob=(2)
cfi=(18)
cfn=(44)
calls=1 0 
* 27
* 1
+2 2
+5 6
+1 1
+2 4
+2 1
+4 3
+4 2
-10 3
+2 3
+4 9
+4 6
-10 9
+13 2
+51 3
+2 1
-1 1
+1 2
+35 5
cfi=(20)
cfn=(48)
calls=1 127 
* 11
+4 5
cfi=(56) /build/glibc-SzIz7B/glibc-2.31/elf/dl-sort-maps.c
cfn=(178) _dl_sort_maps
calls=1 28 
* 236
+3 1
+2 1
+1 1
-1 1
+2 2
+7 3
+3 3
+3 8
214 25
+3 2
fi=(55)
-86 6
cfi=(54) /build/glibc-SzIz7B/glibc-2.31/malloc/scratch_buffer_set_array_size.c
cfn=(174) __libc_scratch_buffer_set_array_size
calls=2 30 
* 36
fe=(48)
+86 4
+4 6
-61 2
380 6

fl=(125) /build/glibc-SzIz7B/glibc-2.31/elf/dl-open.c
fn=(402) _dl_find_dso_for_object
201 9
+4 3
+1 4
+1 12
+1 2
-2 6
+5 2
+4 7

fl=(53) /build/glibc-SzIz7B/glibc-2.31/io/../sysdeps/unix/sysv/linux/pread64_nocancel.c
fn=(170) __pread64_nocancel
29 12
+1 24
+1 6

fl=(54)
fn=(174)
30 2
+4 2
-4 2
+1 2
+3 2
-3 2
-1 2
+5 2
-5 4
+5 2
+11 2
-1 4
+18 8

fl=(14)
fn=(30)
41 13
+38 13
+1 13
+1 13
+1 13
+1 13
+1 13
+1 13
+2 13
+2 13
+31 13
+1 13
+1 13
+1 13
+1 13
+1 7
+2 7
+4 6
+1 6
+1 6
+1 6
+1 6
+1 6
+1 6
+1 6
+1 6
+1 6
+1 6
+1 6
+5 42
+74 3
+1 3
+1 3
+1 3
+1 3
+1 3
+1 3
+1 3
+16 3
+2 3
+1 42
+2 3
+1 3
+1 3
+2 3

fl=(15) /build/glibc-SzIz7B/glibc-2.31/elf/../misc/sbrk.c
fn=(32) sbrk
32 5
+8 6
+4 2
+16 5

fl=(36)
fn=(108)
225 10
+2 2
cob=(2)
cfi=(18)
cfn=(110)
calls=1 0 
* 2830
+1 2
+1 1
+1 1
-1 1
+1 1
+2 5

fn=(180) _dl_receive_error
238 6
+1 1
+1 1
+3 1
+1 1
+2 1
cfi=(2)
cfn=(182) version_check_doit
calls=1 639 
* 2932
+2 1
+1 1
+1 4

fn=(112)
175 24
+3 6
+22 3
-1 3
+7 6
-6 3
+3 6
+3 3
cfi=(37) /build/glibc-SzIz7B/glibc-2.31/setjmp/../sysdeps/x86_64/setjmp.S
cfn=(114) __sigsetjmp
calls=3 30 
* 72
* 12
+2 9
cfi=(48)
cfn=(152)
calls=2 61 
* 6112
cfi=(2)
cfn=(116) map_doit
calls=1 606 
* 2769
+2 3
-1 3
+1 3
-1 3
+1 6
+9 12

fl=(124) /build/glibc-SzIz7B/glibc-2.31/elf/../elf/dl-runtime.c
fn=(398) _dl_fixup
66 9
+6 6
-6 3
+3 6
+3 9
-4 3
+5 3
+2 3
-2 15
+2 3
-2 3
+2 3
+5 6
+4 6
+4 9
+4 6
+1 12
-7 12
+16 3
-1 3
+1 6
+10 30
cfi=(6) /build/glibc-SzIz7B/glibc-2.31/elf/dl-lookup.c
cfn=(206) _dl_lookup_symbol_x
calls=3 841 
* 1845
* 3
+4 15
+10 27
+7 3
+8 12
+4 9
fi=(5) /build/glibc-SzIz7B/glibc-2.31/elf/../sysdeps/x86_64/dl-machine.h
+97 3
fe=(124)
-93 9

fl=(39) /build/glibc-SzIz7B/glibc-2.31/io/../sysdeps/unix/sysv/linux/open64_nocancel.c
fn=(124) __open_nocancel
34 11
+3 11
-3 33
+3 66
+8 77
+2 3
-2 24
+2 8

fl=(1) ???
fn=(0) 0x0000000000001100
0 2
cfi=(2)
cfn=(2) _dl_start
calls=1 463 
0 128654
0 14
cfi=(102)
cfn=(312)
calls=1 79 
0 2057
0 3
cob=(5)
cfi=(111)
cfn=(348) _start
calls=1 0 
0 230457878

fl=(7) /build/glibc-SzIz7B/glibc-2.31/elf/../elf/dl-sysdep.c
fn=(12) _dl_sysdep_start
89 9
+25 1
-1 1
+1 169
+6 1
-3 1
+1 1
-4 1
+3 1
+3 8
-29 1
-1 2
+30 20
+1 111
+61 1
+1 1
-1 1
+1 1
-63 79
+34 1
-34 2
+35 1
-35 2
+46 1
-46 1
+47 1
-1 1
-46 3
+40 1
-40 1
+41 1
-1 1
-40 3
+37 1
-37 2
+38 1
-38 3
+13 1
-13 2
+14 1
-14 2
+10 1
-10 2
+11 1
-11 2
+7 1
-7 4
+4 1
-4 4
223 1
cfi=(8)
cfn=(14) __GI___tunables_init
calls=1 +64 
* 24253
fi=(10) /build/glibc-SzIz7B/glibc-2.31/elf/../sysdeps/unix/sysv/linux/dl-sysdep.c
36 2
cfi=(11) /build/glibc-SzIz7B/glibc-2.31/elf/../sysdeps/unix/sysv/linux/x86_64/brk.c
cfn=(20) brk
calls=1 -8 
* 10
fi=(12) /build/glibc-SzIz7B/glibc-2.31/elf/../sysdeps/x86/cpu-features.c
309 1
+13 1
-12 1
+1 1
+11 2
+3 6
476 3
+1 1
+3 2
+1 1
+6 1
+6 1
-5 1
+5 1
-3 1
+3 1
-4 1
+4 1
cfi=(8)
cfn=(26)
calls=1 368 
* 18
+2 4
cfi=(8)
cfn=(26)
calls=1 368 
* 20
* 1
+2 3
-2 1
+2 1
cfi=(8)
cfn=(26)
calls=1 368 
* 20
* 1
+2 3
-2 1
+2 1
cfi=(8)
cfn=(26)
calls=1 368 
* 20
* 1
+12 1
-1 1
-11 1
+12 1
+47 4
cfi=(8)
cfn=(26)
calls=1 368 
* 18
+2 4
cfi=(8)
cfn=(26)
calls=1 368 
* 18
fi=(13) /build/glibc-SzIz7B/glibc-2.31/elf/../sysdeps/unix/sysv/linux/x86/cpu-features.c
28 6
fe=(7)
234 3
+1 1
cfi=(14)
cfn=(30)
calls=1 41 
* 17
* 1
+2 2
cfi=(15)
cfn=(32)
calls=1 32 
* 18
* 3
+12 3
+3 5
cfi=(2)
cfn=(34) dl_main
calls=1 1090 
* 102418
+1 1
+1 8
fi=(12)
515 3
+28 2
-9 3
+2 4
+1 2
+2 4
+1 2
331 6
cfn=(24) get_common_indices.constprop.0
calls=1 71 
* 99
49 4
+1 2
+1 6
+5 2
+1 6
+5 2
+1 6
336 7
+89 4
-96 1
+96 2
-99 1
+12 10
+38 2
+14 1
+10 5
+14 2
+1 1
fe=(7)

fn=(304) _dl_sysdep_start_cleanup
258 1
+1 1

fl=(8)
fn=(26)
368 20
+3 120
+9 20
-9 74
+9 3
+17 100
+2 20
-9 17
+1 17

fn=(14)
287 9
-9 5
67 164
+6 53
-3 53
+3 4826
+4 106
+5 106
fi=(9) /build/glibc-SzIz7B/glibc-2.31/elf/dl-tunables.h
+37 53
fe=(8)
-37 212
fi=(9)
+38 38
-1 133
+1 38
-1 53
+1 106
fe=(8)
328 212
-12 6890
fi=(9)
119 2862
+1 1008
-1 639
+1 1008
fe=(8)
310 5512
70 53
-3 106
362 8

fl=(42) /build/glibc-SzIz7B/glibc-2.31/io/../sysdeps/unix/sysv/linux/wordsize-64/fxstat.c
fn=(132) _fxstat
33 12
+1 6
+1 12
+4 3

fl=(160)
fn=(640)
30 9
+20 3
-3 6
+3 4
+3 2
cfi=(2)
cfn=(52)
calls=1 801 
* 3
+2 1
+3 2
+2 6
+8 2
-3 1
+3 15
+5 2
+2 8
+2 8
+2 8
+1 4
+1 4
+4 4
-12 12
+14 6
+1 4
+6 3
cfi=(56)
cfn=(178)
calls=1 -66 
* 257
+10 2
cfi=(2)
cfn=(54)
calls=1 807 
* 3
+5 6
+2 1
+2 3
-2 3
+2 9
+3 8
+3 12
+4 4
+11 2
+1 2
-1 2
+2 2
-2 2
+2 2
-2 2
+3 10
+1 2
cob=(4)
cfi=(103)
cfn=(668)
calls=1 0 
* 95
cob=(5)
cfi=(111)
cfn=(642) 0x0000000000001220
calls=1 0 
* 95
-1 10
+5 4
+1 6
cob=(2)
cfi=(18)
cfn=(684)
calls=1 0 
* 4
cob=(2)
cfi=(18)
cfn=(666)
calls=1 0 
* 4
+6 24
+19 4
-59 14
+11 6
-26 7
+80 6
+6 2
+7 8

fl=(57) /build/glibc-SzIz7B/glibc-2.31/elf/dl-version.c
fn=(186) _dl_check_map_versions
156 32
+15 4
-15 8
+15 8
+2 4
+3 8
-3 4
+2 4
+1 4
-1 4
+3 8
+3 4
-16 2
-8 2
+28 2
-4 2
+4 12
+16 2
37 4
201 2
37 10
+1 5
-1 10
+2 21
cfi=(38)
cfn=(120) _dl_name_match_p
calls=7 282 
* 636
* 14
209 6
+5 2
-71 4
+71 4
-71 6
+79 2
-2 2
-2 4
+4 2
-4 12
+4 3
-2 3
-2 6
+4 3
-4 33
57 9
+8 9
-8 6
+8 6
+6 15
+16 5
+1 10
+2 5
+5 35
+14 58
+12 72
+4 24
-30 48
225 20
+3 15
+5 3
-11 3
111 5
+3 20
cfi=(22)
cfn=(58)
calls=5 -3 
* 221
* 22
237 8
-27 2
+41 8
+3 8
+10 70
-7 140
+3 105
-3 8
+3 6
+8 6
+89 36
165 2
+86 2
-94 2
+94 3
+23 12
cob=(2)
cfi=(18)
cfn=(40)
calls=3 0 
* 114
-1 3
+1 3
+1 6
+13 3
-3 3
+3 6
+2 9
+3 8
+4 6
+7 5
+1 5
-1 10
+1 5
-1 5
+1 5
+1 5
-2 5
+2 10
+1 15
+3 15
+5 3
-15 3
+2 3
-2 3
+2 3
-2 3
+2 6
-2 2
+2 2
-2 2
+2 2
-2 2
+2 4
+16 6
+10 9
+3 8
+4 35
+6 35
+1 35
+1 35
-1 105
+1 35
-1 35
+1 35
+1 35
+3 105
+4 35
-14 74
+10 6

fn=(184) _dl_check_all_versions
362 6
+4 5
-2 2
+4 24
cfn=(186)
calls=4 156 
* 2849
-2 4
+2 16
-2 8
+5 7

fl=(10)
fn=(68) _dl_discover_osversion
46 5
+2 3
+85 5
-45 2
cfi=(26) /build/glibc-SzIz7B/glibc-2.31/posix/../sysdeps/unix/syscall-template.S
cfn=(70) uname
calls=1 -10 
* 6
+15 1
-15 2
+20 1
-1 1
+3 12
+4 3
-2 6
+2 10
+2 1
+1 2
-3 4
+7 3
-1 3
+4 3
-2 3
+2 10
+5 2

fl=(17) /build/glibc-SzIz7B/glibc-2.31/elf/dl-object.c
fn=(50) _dl_add_to_namespace_list
31 6
+2 3
-2 6
+2 3
-2 6
+2 3
cfi=(2)
cfn=(52)
calls=3 801 
* 9
+2 20
+3 20
+2 2
+2 2
+4 2
+4 2
+1 2
-5 4
+1 4
+1 2
+3 2
-3 2
+3 2
-1 2
cfi=(2)
cfn=(54)
calls=2 807 
* 6
-4 1
+4 1
+1 1
-5 2
+1 2
+1 1
+3 1
-3 1
+3 1
-1 1
cfi=(2)
cfn=(54)
calls=1 807 
* 3
-5 2

fn=(38) _dl_new_object
59 33
+3 3
-3 6
+3 6
+15 8
cfi=(14)
cfn=(30)
calls=2 -36 
* 78
* 10
+12 8
cob=(2)
cfi=(18)
cfn=(40)
calls=2 -89 
* 115
* 4
cob=(2)
cfi=(18)
cfn=(40)
calls=1 -89 
* 45
* 3
+3 6
+4 3
+5 3
-6 3
+6 3
-5 3
+5 3
-5 3
+5 3
-1 3
+1 3
-1 3
+1 3
cfi=(20)
cfn=(48)
calls=3 +26 
* 52
* 3
+15 6
-15 3
+15 3
-13 3
+13 10
+6 1
+2 7
+3 2
-3 14
+3 4
+2 3
+4 3
+3 14
+2 1
-2 3
+2 15
-2 45
+16 6
-5 3
+5 3
-6 3
+6 3
-6 3
+6 6
+2 4
+3 4
-3 4
+7 8
+4 4
+2 1
+6 1
+3 1
+10 2
-10 1
+10 1
-10 2
+10 4
-10 2
+10 2
+2 2
+21 2
-21 2
cfi=(14)
cfn=(30)
calls=2 41 
* 96
+4 2
-4 6
+17 2
-13 6
+50 6
cfi=(20)
cfn=(78) mempcpy
calls=2 114 
* 42
* 2
+5 4
+1 4
-1 80
+1 80
+2 4
+3 2
+3 2
+4 27
128 6
+37 6
-15 1
+7 4
-21 4
+60 4
cob=(2)
cfi=(18)
cfn=(44)
calls=2 0 
* 54
* 2
+1 8
64 2
+1 6
+9 1
-5 2

fl=(2)
fn=(2)
463 10
66 3
fi=(5)
-7 1
fe=(2)
+7 1
fi=(3) /build/glibc-SzIz7B/glibc-2.31/elf/get-dynamic-info.h
-18 1
fi=(5)
+11 2
fe=(2)
507 1
-3 1
fi=(3)
48 2
+15 1
+5 1
+3 1
+1 1
+1 1
-4 1
-2 1
-3 2
-1 20
+1 12
-16 4
+26 4
-26 8
+2 36
+23 13
-25 13
+26 13
-26 27
+26 1
-26 2
+33 2
+20 4
+1 4
+1 4
+1 4
+2 4
+5 4
+1 4
+1 4
+5 3
+5 2
+7 3
+1 3
+8 3
+3 3
+4 2
+1 2
fe=(2)
518 2
+7 1
66 1
430 1
66 3
430 1
cfi=(6)
cfn=(10) _dl_setup_hash
calls=1 961 
* 24
+1 1
+18 2
-18 1
+1 2
+1 2
+1 2
+9 1
+6 1
cfi=(7)
cfn=(12)
calls=1 89 
* 127570
* 1
+2 2
+99 9
fi=(3)
65 5
+3 4
fe=(2)
523 25
fi=(4) /build/glibc-SzIz7B/glibc-2.31/elf/do-rel.h
84 1
-1 1
+28 3
+1 2
fi=(5)
541 2
fi=(4)
112 82
fi=(5)
541 82
+1 42
fi=(4)
111 42
fi=(5)
542 84
fi=(4)
111 84
+5 2
fi=(5)
421 1
fi=(4)
124 2
fi=(5)
333 18
fi=(4)
124 27
+12 9
+3 9
-3 9
fi=(5)
301 9
fi=(4)
139 9
-3 9
+1 18
fi=(5)
301 18
+8 90
+3 18
+21 45
fi=(3)
71 4
+1 3
+1 2
fi=(5)
353 18
+1 9
fe=(2)

fn=(54)
807 5
+1 5
+1 5

fn=(116)
606 2
+2 1
-2 1
+2 1
+1 2
-1 2
+1 3
cfi=(27)
cfn=(118)
calls=1 1927 
* 2754
* 1
+2 2

fn=(102) handle_preload_list
858 10
+5 5
-4 1
+10 2
-3 3
cfi=(35) /build/glibc-SzIz7B/glibc-2.31/string/../sysdeps/x86_64/strcspn.S
cfn=(104) strcspn
calls=1 28 
* 273
* 1
+1 3
+9 1
168 1
878 2
168 2
880 2
780 2
-10 1
+8 1
+2 2
-6 1
+6 1
-5 1
+1 1
+4 1
cob=(2)
cfi=(18)
cfn=(106)
calls=1 0 
* 2855
+1 3
+8 4
+74 2
+21 9
-15 4
cfi=(20)
cfn=(48)
calls=1 127 
* 27
+1 2

fn=(182)
639 3
+2 4
cfi=(57)
cfn=(184)
calls=1 362 
* 2921
* 2
+4 2

fn=(34)
1090 2
+12 1
-12 10
+12 1
+4 2
-16 1
+22 1
-22 1
+16 1
+6 1
-6 1
2533 1
+7 1
1106 1
2535 1
-2 1
+7 3
1106 1
2540 1
-4 1
+4 1
+2 4
cfi=(16) /build/glibc-SzIz7B/glibc-2.31/elf/dl-environ.c
cfn=(36) _dl_next_ld_env_entry
calls=1 28 
* 53
* 4
cfi=(16)
cfn=(36)
calls=2 28 
* 300
* 9
+4 6
-2 2
+2 42
+1 19
-1 57
+9 12
2704 3
+32 3
1122 3
2631 3
+1 3
-56 2
+7 2
1330 7
cfi=(17)
cfn=(38)
calls=1 59 
* 231
* 1
+2 2
+1 1
+1 1
+5 2
-5 1
+1 2
+4 1
cfi=(17)
cfn=(50)
calls=1 31 
* 35
+1 2
1099 1
1369 1
-5 1
-2 1
+4 1
+3 1
-5 1
+5 5
+56 1
1096 1
1425 1
-15 2
-22 1
+22 1
+15 3
-55 102
fi=(21) /build/glibc-SzIz7B/glibc-2.31/elf/../sysdeps/x86/dl-prop.h
142 4
+1 1
+1 2
+1 1
fe=(2)
1369 24
1478 7
+3 2
+2 2
+2 3
+13 3
+3 2
-2 1
+2 1
-2 2
cfi=(22)
cfn=(58)
calls=1 111 
* 25
* 2
+7 1
+3 1
-5 1
+3 1
+2 1
+1 2
+4 2
+2 2
fi=(3)
33 1
+9 2
+6 1
-2 1
+2 2
+15 1
+5 1
+4 1
-1 1
-2 1
-5 2
-1 24
+1 15
-16 5
+26 5
-26 10
+2 52
+23 21
-25 21
+26 21
-26 42
+33 3
+20 3
+1 4
+1 4
+1 4
+2 4
+5 4
+1 4
+1 4
+5 3
+5 2
+7 2
+1 3
+18 3
+5 2
+2 2
+2 2
+2 2
+3 3
+2 3
+1 2
+9 2
+5 2
+3 2
fe=(2)
1521 2
cfi=(6)
cfn=(10)
calls=1 961 
* 24
+3 2
fi=(23) /build/glibc-SzIz7B/glibc-2.31/elf/./setup-vdso.h
24 2
fi=(21)
+35 6
190 2
67 2
189 1
67 1
189 1
64 1
+3 1
-2 1
+2 2
+70 5
-1 1
-69 4
+3 4
+1 2
+1 2
+4 3
+4 3
+3 3
+1 2
+4 1
+1 3
+11 1
+1 4
+5 2
-12 2
-1 1
+1 2
+3 2
fe=(2)
1398 1
-9 1
+27 1
-27 1
+2 1
-3 1
+10 2
-19 2
-10 1
+10 1
-10 2
+56 8
-1 4
+1 4
-1 4
+2 8
+1 1
+3 2
+1 2
-1 6
+1 6
+1 4
+1 10
+1 1
-65 3
+5 2
-5 1
+5 1
-5 2
+1 14
+95 2
-96 1
+96 2
-96 3
fi=(24) /build/glibc-SzIz7B/glibc-2.31/elf/../sysdeps/unix/sysv/linux/dl-vdso.h
40 1
+1 2
fi=(25) /build/glibc-SzIz7B/glibc-2.31/elf/../sysdeps/unix/sysv/linux/dl-vdso-setup.h
+4 1
fe=(2)
1549 2
cfi=(10)
cfn=(68)
calls=1 46 
* 88
* 8
fi=(3)
65 5
fe=(2)
1461 1
-92 1
+92 1
-92 2
fi=(3)
68 4
+3 4
+1 4
fe=(2)
1554 2
cfi=(27)
cfn=(72) _dl_init_paths
calls=1 681 
* 1823
+3 3
cfi=(33) /build/glibc-SzIz7B/glibc-2.31/elf/dl-debug.c
cfn=(96) _dl_debug_initialize
calls=1 46 
* 18
+7 1
-7 1
+2 1
+5 1
+4 1
+3 1
-3 3
+1 2
+3 1
+5 1
-7 1
+7 1
+18 2
+1 2
+5 1
-3 2
+2 1
+1 2
+5 3
+1 5
-1 2
+15 3
+1 1
-2 1
+2 3
+18 1
cfi=(34) /build/glibc-SzIz7B/glibc-2.31/elf/../elf/dl-tls.c
cfn=(98) _dl_count_modids
calls=1 108 
* 6
* 1
+8 3
+3 2
+4 3
+5 2
+1 1
cfi=(33)
cfn=(100) _dl_debug_state
calls=1 73 
* 2
+1 1
+4 3
+16 3
+2 1
+2 2
+8 2
+15 3
cfi=(47) /build/glibc-SzIz7B/glibc-2.31/io/../sysdeps/unix/sysv/linux/access.c
cfn=(146) access
calls=1 25 
* 9
* 2
+76 4
66 1
1805 1
66 2
1805 1
66 1
1805 6
cfi=(48)
cfn=(148)
calls=1 159 
* 7712
73 1
1810 1
73 2
+9 2
1810 2
+1 5
-1 4
+1 6
-1 12
+4 3
+1 3
+1 1
+2 3
+1 4
-1 6
+1 12
+12 1
+1 1
-1 2
+1 2
+2 1
+2 3
+2 1
-4 1
+5 1
-1 2
+14 2
+1 2
+1 3
1609 2
+6 1
-6 2
+6 1
-37 6
fi=(3)
181 3
-20 2
fe=(2)
1567 4
1865 1
+1 1
-1 1
+2 4
-2 3
+2 1
cfi=(36)
cfn=(180)
calls=1 238 
* 2949
+10 1
+1 1
-1 1
+1 1
+3 2
817 1
fi=(171) /build/glibc-SzIz7B/glibc-2.31/elf/../sysdeps/unix/sysv/linux/dl-osinfo.h
64 2
fe=(2)
819 1
fi=(171)
77 1
fe=(2)
828 1
+7 1
-5 1
1886 3
2116 3
+60 1
+6 1
-10 1
+10 1
-6 1
+9 2
+8 1
fi=(21)
33 3
cfi=(58) /build/glibc-SzIz7B/glibc-2.31/elf/../sysdeps/x86/dl-cet.c
cfn=(194) _dl_cet_check
calls=1 343 
* 31
fe=(2)
2239 3
+3 1
66 2
2246 1
66 2
2247 16
+2 8
+5 8
+2 8
+6 4
+2 8
+1 24
cfi=(59) /build/glibc-SzIz7B/glibc-2.31/elf/dl-reloc.c
cfn=(198) _dl_relocate_object
calls=3 148 
* 77501
+4 10
+1 3
cfi=(34)
cfn=(300) _dl_add_to_slotinfo
calls=1 887 
* 28
* 1
+13 4
+2 1
+7 3
cfi=(34)
cfn=(302) _dl_allocate_tls_init
calls=1 437 
* 132
+3 2
-37 1
+1 1
-3 2
73 3
+1 1
2278 1
74 1
2278 1
1829 5
2304 3
+2 2
+24 1
cfi=(7)
cfn=(304)
calls=1 258 
* 2
+4 3
+21 3
cfi=(33)
cfn=(96)
calls=1 46 
* 9
+1 1
-1 1
+2 1
cfi=(33)
cfn=(100)
calls=1 73 
* 2
+1 1
+4 1
cfi=(50)
cfn=(306)
calls=1 348 
* 17
+5 8
2583 4
+2 2
+1 1
+46 2
+2 2
+1 1
fi=(25)
30 5
+3 1
+3 1
+3 1
fi=(24)
+16 2
fe=(2)
+11 1
2319 1
+1 3
66 3
2320 2
cfi=(59)
cfn=(198)
calls=1 148 
* 6209
73 3
+9 3
fi=(21)
+31 2
+3 1
+4 1
fe=(2)
1879 1
cfn=(188) init_tls
calls=1 699 
* 573
* 2
66 1
1690 1
66 2
1690 1
66 1
1690 2
cfn=(102)
calls=1 858 
* 3223
* 1
73 3
+9 3
1789 17
+1 1
-1 1
+4 3
+1 1
+1 2
+1 2
-7 2

fn=(188)
699 1
+2 1
+4 1
-4 1
+4 1
+11 1
-1 3
cob=(2)
cfi=(18)
cfn=(40)
calls=1 0 
* 38
-4 1
+15 1
-12 1
+6 1
-9 1
+11 1
+4 1
+2 3
-1 2
+3 12
+4 1
+2 1
-2 1
-5 3
-1 2
+10 2
+3 1
cfi=(34)
cfn=(190) _dl_determine_tlsoffset
calls=1 135 
* 70
+7 1
cfi=(34)
cfn=(192) _dl_allocate_tls_storage
calls=1 332 
* 394
* 1
+1 2
+6 1
+3 1
-3 1
+3 6
+6 1
-3 1
+3 2
-35 3
-1 7

fn=(52)
801 5
+1 5
+1 5

fl=(38)
fn=(120)
282 84
+1 28
cfi=(22)
cfn=(58)
calls=14 111 
* 350
* 14
+1 14
-1 28
+3 14
+2 28
+4 15
-4 30
+1 54
cfi=(22)
cfn=(58)
calls=18 111 
* 576
* 36
-5 3
+11 23
-1 11
+1 33

fn=(162)
44 2
+3 1
-3 6
+3 1
-3 1
+3 1
cfi=(39)
cfn=(124)
calls=1 -13 
* 19
+1 2
+23 7
-21 5
cfi=(42)
cfn=(132)
calls=1 -17 
* 11
* 2
+2 2
+3 2
+13 2
cfi=(46)
cfn=(144)
calls=1 -43 
* 6
* 1
-11 6
cfi=(43) /build/glibc-SzIz7B/glibc-2.31/misc/../sysdeps/unix/sysv/linux/mmap64.c
cfn=(136) mmap
calls=1 -9 
* 20
* 2

fl=(58)
fn=(194)
343 1
+1 1
cfn=(196) dl_cet_check
calls=1 97 
* 29

fn=(196)
97 7
+3 1
-1 1
+4 1
-4 1
+3 1
+4 2
+1 2
-1 2
+6 1
+5 2
326 8

fl=(6)
fn=(208) do_lookup_x
368 824
+1 103
-1 618
+48 103
+35 309
-65 103
-11 103
+41 103
-30 206
+65 206
-51 969
+4 323
+4 323
-3 323
+3 646
+1 969
+3 323
+1 646
+7 646
-3 646
-2 323
+5 969
+3 2261
571 693
379 648
+3 648
+4 654
+4 646
+4 646
+88 186
fi=(60) /build/glibc-SzIz7B/glibc-2.31/elf/../sysdeps/generic/ldsodefs.h
126 279
fe=(6)
533 186
+3 696
+16 465
+2 186
427 288
-1 192
+2 192
+2 96
+6 288
-6 96
+6 864
+7 288
-10 945
+3 95
-1 190
+1 190
-1 95
+2 190
-1 1140
cfn=(210) check_match
calls=95 75 
* 9423
+4 289
574 10
+1 824
-35 36
-66 6
325 18
-31 651

fn=(206)
841 1030
582 103
841 412
582 309
-1 206
+2 206
-1 103
+1 309
-1 309
+1 2634
-1 1317
+1 3951
-1 4054
847 103
-4 103
+1 103
+7 103
-8 103
+1 103
+7 287
+3 515
+6 206
-7 618
+7 60
+1 1339
cfn=(208)
calls=103 368 
* 34384
* 402
+5 206
+24 744
+40 372
+14 279
+3 372
+5 93
+2 927
-86 60
+17 10
+1 20
+59 2

fn=(10)
961 4
+3 12
+2 4
+2 8
+2 4
-1 4
+3 12
+1 4
+4 4
-3 4
+7 4
-7 4
+3 4
-1 4
+3 4
+2 4
-7 4
+7 4
+5 4

fn=(210)
75 1235
+3 190
+13 372
-13 372
+13 186
+3 302
cfi=(22)
cfn=(58)
calls=29 +17 
* 1361
* 58
+4 93
+1 186
+2 184
+19 184
+1 736
+39 93
+7 558
-18 2
+2 2
+1 1
-1 2
+1 3
-1 2
+16 12
-45 276
cfi=(22)
cfn=(58)
calls=92 -11 
* 2817
* 184
-44 8
+82 4

fl=(11)
fn=(20)
28 1
+3 5
+2 2
+6 1
+1 1

fl=(33)
fn=(100)
73 2
+1 2

fn=(96)
46 4
+3 8
+5 6
+5 2
-1 1
+1 2
+1 2
-1 1
+5 1
-14 4
+4 8
+3 1
+1 5

fl=(30) /build/glibc-SzIz7B/glibc-2.31/string/../sysdeps/x86_64/multiarch/memset-vec-unaligned-erms.S
fn=(80) memset
108 13
+1 65
+6 13
+1 13
+1 6
+1 6
+2 4
+1 4
+2 4
+65 2
+1 2
+10 2
+1 2
+1 2
+1 2
+1 2
+1 2
+1 2
+1 2
+1 2
+1 2
+1 2
+1 2
+1 2
+1 2
+2 34
+1 34
+1 34
+1 34
+1 34
+1 34
+1 34
+1 2
+15 7
+1 7
+1 7
+1 6
+1 6
+1 2
+1 2
+24 1
+1 1
+2 1
+3 4
+1 4
+2 4
+3 2
+1 2
+2 2

fl=(16)
fn=(36)
28 3
+1 3
+3 61
+13 51
-13 102
+2 106
+1 18
+5 2
-3 2
+3 2
+2 2
+7 1

fl=(59)
fn=(198)
148 44
+15 4
-15 8
+15 4
+1 20
+6 8
+6 20
-18 6
+22 6
+7 16
+40 4
fi=(5)
76 4
fe=(59)
227 8
fi=(5)
76 12
+6 4
+4 6
+14 2
-8 2
+8 4
+20 4
+11 8
fe=(59)
255 144
-96 2
fi=(5)
481 6
fe=(59)
159 4
+96 2
fi=(4)
48 2
fe=(59)
255 2
fi=(4)
47 2
+11 2
-11 4
+11 4
fe=(59)
255 2
-96 2
fi=(5)
481 6
fe=(59)
159 4
+96 2
fi=(4)
48 2
fe=(59)
255 2
fi=(4)
47 2
+11 2
-11 4
+11 4
fe=(59)
255 4
fi=(4)
48 4
fe=(59)
255 4
fi=(4)
47 4
+11 4
-11 8
+11 8
-7 2
-1 4
+11 4
fi=(5)
552 16
+4 16
+3 24
+1 8
fi=(4)
61 141
+2 192
+2 121
-4 3
+13 4
+1 7
+1 80
fi=(5)
552 40
+25 80
+2 40
cob=(3)
cfi=(100)
cfn=(296)
calls=1 31 
* 6
cob=(3)
cfi=(99)
cfn=(294)
calls=1 31 
* 10
cob=(3)
cfi=(97)
cfn=(290)
calls=1 29 
* 13
cob=(3)
cfi=(96)
cfn=(288)
calls=1 33 
* 9
cob=(3)
cfi=(95)
cfn=(286)
calls=1 31 
* 9
cob=(3)
cfi=(94)
cfn=(284)
calls=1 29 
* 7
cob=(3)
cfi=(93)
cfn=(282)
calls=1 29 
* 10
cob=(3)
cfi=(92)
cfn=(280)
calls=1 29 
* 10
cob=(3)
cfi=(91)
cfn=(278)
calls=1 31 
* 6
cob=(3)
cfi=(90)
cfn=(276)
calls=1 29 
* 10
cob=(3)
cfi=(89)
cfn=(274)
calls=1 29 
* 10
cob=(3)
cfi=(88)
cfn=(272)
calls=1 49 
* 9
cob=(3)
cfi=(87)
cfn=(270)
calls=1 29 
* 7
cob=(3)
cfi=(86)
cfn=(268)
calls=1 43 
* 7
cob=(3)
cfi=(84)
cfn=(264)
calls=2 31 
* 34
cob=(3)
cfi=(83)
cfn=(262)
calls=1 49 
* 9
cob=(3)
cfi=(82)
cfn=(258)
calls=1 29 
* 17
cob=(3)
cfi=(81)
cfn=(256)
calls=1 29 
* 9
cob=(3)
cfi=(80)
cfn=(254)
calls=1 31 
* 6
cob=(3)
cfi=(79)
cfn=(252)
calls=1 29 
* 7
cob=(3)
cfi=(78)
cfn=(250)
calls=2 31 
* 20
cob=(3)
cfi=(77)
cfn=(248)
calls=2 31 
* 20
cob=(3)
cfi=(75)
cfn=(244)
calls=1 29 
* 19
cob=(3)
cfi=(74)
cfn=(242)
calls=1 53 
* 9
cob=(3)
cfi=(73)
cfn=(240)
calls=1 54 
* 9
cob=(3)
cfi=(71)
cfn=(236)
calls=1 29 
* 13
cob=(3)
cfi=(70)
cfn=(232)
calls=1 33 
* 17
cob=(3)
cfi=(69)
cfn=(230)
calls=1 30 
* 10
cob=(3)
cfi=(68)
cfn=(228)
calls=2 31 
* 20
cob=(3)
cfi=(67)
cfn=(226)
calls=1 31 
* 10
cob=(3)
cfi=(66)
cfn=(224)
calls=1 28 
* 10
cob=(3)
cfi=(65)
cfn=(222)
calls=1 29 
* 9
cob=(3)
cfi=(64)
cfn=(220)
calls=1 31 
* 6
cob=(3)
cfi=(63)
cfn=(218)
calls=1 29 
* 9
cob=(3)
cfi=(61)
cfn=(214)
calls=2 29 
* 34
-27 40
+28 40
fi=(4)
75 121
fe=(59)
255 32
+3 16
+24 4
+3 8
+17 12
+2 32
177 8
+3 3
fi=(4)
-96 6
-1 6
+3 6
-3 6
+3 6
+12 6
-12 6
+12 12
+10 8
+10 9
+3 10
+3 10
-73 3
-1 3
fi=(5)
491 9
fi=(4)
127 460
+9 230
+1 115
-1 230
+1 115
+2 115
-2 115
+2 230
-1 230
fi=(5)
276 230
+21 230
+4 230
+7 460
fi=(60)
126 294
fi=(5)
308 1816
fi=(4)
138 94
fi=(5)
308 94
fi=(4)
138 94
fi=(5)
308 94
fi=(4)
138 94
fi=(5)
308 188
fi=(4)
138 1
fi=(5)
308 1
fi=(4)
138 1
fi=(5)
308 1
fi=(4)
138 1
fi=(5)
308 1142
cfi=(6)
cfn=(206)
calls=95 841 
* 51981
* 570
+1 294
+24 690
457 291
+1 97
fi=(4)
124 345
+19 15
fi=(5)
429 51
+4 68
+5 17
+9 17
-9 34
+9 34
+50 3
+4 6
cfi=(20)
cfn=(48)
calls=1 127 
* 11
+2 3
+1 1
fi=(4)
111 11
+1 3
fi=(5)
536 3
fi=(4)
112 3
fi=(5)
536 6
fi=(4)
112 1214
fi=(5)
536 1214
fi=(4)
112 1214
fi=(5)
536 2428
+5 2434
+1 1217
fi=(4)
111 1217
fi=(5)
542 2434
fi=(4)
111 2434
+7 9
-67 1
160 5
+2 20
+9 15
-1 30
fi=(5)
276 10
+21 10
+4 10
+7 20
fi=(60)
126 15
fi=(5)
308 165
cfi=(6)
cfn=(206)
calls=5 841 
* 2631
* 35
+1 15
+24 64
-24 160
+3 109
-3 109
+3 218
-4 53
+1 368
fe=(59)
+1 20
+3 4
-3 4
+3 4
+4 8
+1 16
cfi=(101)
cfn=(298) mprotect
calls=4 78 
* 24
* 8

ob=(5)
fl=(118)
fn=(492)
274 184
-12 644
+1 180
+1 450
cfn=(546)
calls=90 164 
* 3960
+1 270
+2 180
+1 270
+1 540
cfn=(548)
calls=90 146 
* 4009
-2 142
+1 213
+1 426
cfn=(548)
calls=71 146 
* 3157
+5 3417

fn=(493)
229 3132
+1 2088
+1 10
+43 5
-40 1551
+2 2068
+1 1350
+1 520
+1 520
+1 170
+1 170
+1 255
+1 510
cfn=(493)
calls=85 -14 
* 4804
+31 85
-29 180
+1 46
+1 115
cfn=(548)
calls=23 146 
* 1127
+1 69
+2 46
+1 69
+1 138
cfn=(546)
calls=23 -88 
* 1116
-2 44
+1 66
+1 132
cfn=(546)
calls=22 -88 
* 1071
+22 45
-19 560
+1 560
+1 160
+1 160
+1 240
+1 480
cfn=(493)
calls=80 -31 
* 5071
+14 80
-12 240
+1 42
+1 105
cfn=(546)
calls=21 164 
* 1008
+1 63
+2 42
+1 63
+1 126
cfn=(548)
calls=21 146 
* 1018
-2 78
+1 117
+1 234
cfn=(548)
calls=39 146 
* 1888
+5 1566

fn=(496)
438 581615
+1 348969
+1 116323
+1 2787168
+1 1393584
+1 43260
+2 1350324
+1 1347820
+2 1014621
-8 2374455
+11 94693
+1 232646

fn=(548)
146 1760
+1 1056
+1 1408
+1 1760
+1 352
+2 352
+1 440
-1 1056
+1 1320
+2 1760
+1 1165
+2 476
+2 357
+1 357
+1 119
+1 238
-3 699
+1 699
+1 233
+1 466

fn=(490)
276 6930
+1 2310
cob=(2)
cfi=(18)
cfn=(378)
calls=1155 0 
* 199451
* 1155
+2 3465
+1 3465
+1 3465
+1 2310
+1 2310
+1 2310
+2 3465
+1 3465
+2 1155
+1 20196
+1 50490
+1 20280
+1 25140
+1 20048
+2 32
-7 33711
+11 3417
+1 3417
+1 4
+1 5690
+1 2200
+2 1764
+2 2940
cfn=(492)
calls=588 -79 
* 47700
* 2755
cfn=(492)
calls=551 -79 
* 44209
+2 1139
+1 2310

fn=(500)
526 568158
+1 378772
+1 2278
+43 1139
-40 280662
+2 374216
+1 290595
+1 115116
+1 115116
+1 31396
+1 31396
+1 47094
+1 94188
cfn=(501) little_rb_insert_fixup'2
calls=15698 -14 
* 1046745
+31 15698
-29 52324
+1 13114
+1 32785
cfn=(504)
calls=6557 -90 
* 295065
+1 19671
+2 13114
+1 19671
+1 39342
cfn=(502)
calls=6557 -77 
* 290728
-2 13048
+1 19572
+1 39144
cfn=(502)
calls=6524 -77 
* 289173
+22 13081
-19 117360
+1 117360
+1 32022
+1 32022
+1 48033
+1 96066
cfn=(501)
calls=16011 -31 
* 1075116
+14 16011
-12 53316
+1 13112
+1 32780
cfn=(502)
calls=6556 -89 
* 288464
+1 19668
+2 13112
+1 19668
+1 39336
cfn=(504)
calls=6556 454 
* 290710
-2 13546
+1 20319
+1 40638
cfn=(504)
calls=6773 454 
* 300279
+5 284079

fn=(501)
526 267864
+1 178576
+1 6888
+43 3444
-40 123600
+2 164800
+1 107025
+1 42864
+1 42864
+1 12932
+1 12932
+1 19398
+1 38796
cfn=(501)
calls=6466 -14 
* 302980
+31 6466
-29 17000
+1 4278
+1 10695
cfn=(504)
calls=2139 -90 
* 104811
+1 6417
+2 4278
+1 6417
+1 12834
cfn=(502)
calls=2139 -77 
* 102290
-2 4222
+1 6333
+1 12666
cfn=(502)
calls=2111 -77 
* 100910
+22 4250
-19 42756
+1 42756
+1 12938
+1 12938
+1 19407
+1 38814
cfn=(501)
calls=6469 -31 
* 295526
+14 6469
-12 16880
+1 4190
+1 10475
cfn=(502)
calls=2095 -89 
* 100560
+1 6285
+2 4190
+1 6285
+1 12570
cfn=(504)
calls=2095 454 
* 99838
-2 4250
+1 6375
+1 12750
cfn=(504)
calls=2125 454 
* 101353
+5 133932

fn=(546)
164 1745
+1 1047
+1 1396
+1 1745
+1 300
+2 300
+1 375
-1 1096
+1 1370
+1 4
+1 1740
+1 545
+2 956
+2 717
+1 717
+1 239
+1 478
-3 330
+1 330
+1 110
+1 220

fn=(554) rb_transplant
218 1086
+1 905
+1 4
+1 900
+1 535
+2 292
+2 292
+1 73
+1 146
-2 432
+1 108
+1 216

fn=(552)
369 876
+2 292
+1 438
+2 730
+1 234
+1 546
cfn=(554)
calls=78 218 
* 2142
* 78
+1 340
+1 36
+1 84
cfn=(554)
calls=12 218 
* 331
* 12
+2 224
cfn=(564) rb_minimum
calls=56 183 
* 1264
* 56
+1 168
+1 168
+1 224
+1 84
+2 245
cfn=(554)
calls=35 218 
* 980
+1 140
+1 140
+2 210
cfn=(554)
calls=35 218 
* 961
* 126
cfn=(554)
calls=21 218 
* 575
+1 224
+1 224
+1 224
+2 292
+1 340
cfn=(556) rb_delete_fixup
calls=68 -85 
* 5153
+3 876
cfn=(558)
calls=146 90 
* 1545548
+1 730
cob=(2)
cfi=(18)
cfn=(540)
calls=146 0 
* 12282
+1 584
cob=(2)
cfi=(18)
cfn=(540)
calls=146 0 
* 12320
+1 438
cob=(2)
cfi=(18)
cfn=(540)
calls=146 0 
* 12264
+1 146
+1 292

fn=(556)
312 408
+3 68
+1 185
+1 60
+1 60
+1 6
+1 9
+1 18
cfn=(548)
calls=3 146 
* 146
+1 12
+2 120
+1 8
+1 16
+2 55
+1 15
+1 10
+1 25
cfn=(546)
calls=5 164 
* 220
+1 20
+2 25
+1 15
+1 15
+1 30
cfn=(548)
calls=5 146 
* 220
-3 30
+1 18
+1 18
+1 36
cfn=(548)
calls=6 146 
* 274
+1 44
+3 88
+1 88
+1 6
+1 9
+1 18
cfn=(546)
calls=3 164 
* 145
+1 12
+2 180
+1 14
+1 28
+2 75
+1 12
+1 8
+1 20
cfn=(548)
calls=4 146 
* 184
+1 16
+2 20
+1 12
+1 12
+1 24
cfn=(546)
calls=4 164 
* 182
-3 55
+1 33
+1 33
+1 66
cfn=(546)
calls=11 164 
* 506
+1 45
-47 736
+51 136
+1 68
+1 136

fn=(598)
206 2993115
+1 2993115
+1 1220412
cfn=(600)
calls=305103 -19 
* 6286547
* 305103
+2 880560
+1 293520
+1 604122
+1 906183
-2 4169015
+4 293520
+1 1197246

fn=(526)
130 111075
+1 66645
+1 22215
+1 873748
+1 436874
+1 44338
+2 392536
+1 381916
+2 302367
-8 655449
+11 46
+1 44430

fn=(564)
183 32596
+1 8149
+1 24717
-1 81940
+3 8149
+1 16298

fn=(532)
810 1242
+1 1035
+1 207
+1 4320
+2 3600
+1 1804
+2 1347
-6 3348
+2 180
+7 675
+1 720
+1 150
+2 1085
+1 14
cfn=(534)
calls=2 666 
* 432
+1 14

ob=(1)
fl=(59)
fn=(198)
fi=(5)
124 8
-2 4
fe=(59)
255 6
fi=(5)
+53 39
457 15
+1 5
fi=(4)
160 16
+14 3
fi=(5)
309 1
+3 1
-3 1
+3 2
-3 4
-1 120
fe=(59)

fl=(22)
fn=(58)
111 162
+33 162
+1 162
+2 162
+1 162
+21 162
+1 162
+1 141
+1 141
+1 134
+1 134
+1 134
+1 134
+21 134
+1 134
+1 134
+1 134
+1 134
+1 134
+1 134
+5 8
+1 24
+9 8
+1 8
+1 8
+1 8
+1 8
+1 8
+1 8
+1 8
-7 28
+1 28
+1 28
+1 28
+1 28
+1 28
+1 28
+1 28
+1 32
+1 11
+1 11
+1 11
+2 11
+1 11
+1 11
+1 11
+1 11
+1 11
-5 21
+1 21
+1 21
+1 21
+1 21
+1 21
+10 4
+1 4
+1 4
+2 4
+6 4
+1 4
+1 4
+1 4
+1 4
+5 4
+2 1
+1 1
+1 2
+8 1
+1 1
+3 1
+1 1
+1 1
+1 1
+1 1
+1 1
821 3
+1 3
+1 3
+1 3
+1 3
+2 3
+1 3
+1 3
+1 3
+1 3
+1 3
+1 3
+1 3
+4 3
+1 3
+1 3
+6 3
+1 3
+1 6
+4 3
+1 3
+3 3
+1 3
+1 3
+3 3
+1 3
+1 3
+6 3
+1 3
+1 3
+1 3
+1 3
+1 3
+72 1
+1 1
+1 1
+1 1
+1 1
+2 1
+1 1
+1 1
+1 1
+1 1
+1 1
+1 1
+1 1
+4 1
+1 1
+1 1
+6 1
+1 1
+1 2
+4 1
+1 1
+3 1
+1 1
+1 1
+3 1
+1 1
+1 1
+6 1
+1 1
+1 1
+1 1
+1 1
+1 1
+7 1
+1 1
+2 1
+1 1
+2 1
+1 1
+1 1
+3 1
+1 1
+1 1
+6 1
+1 1
+1 1
+1 1
+1 1
+1 1
1196 1
+1 1
+1 1
+1 1
+1 1
+2 1
+1 1
+1 1
+1 1
+1 1
+1 1
+1 1
+1 1
+4 1
+1 1
+1 1
+6 1
+1 1
+1 2
+4 1
+1 1
+3 1
+1 1
+1 1
+3 1
+1 1
+1 1
+6 1
+1 1
+1 1
+1 1
+1 1
+1 1
+72 2
+1 2
+1 2
+1 2
+1 2
+2 2
+1 2
+1 2
+1 2
+1 2
+1 2
+1 2
+1 2
+4 2
+1 2
+1 2
+6 2
+1 2
+1 4
+4 2
+1 2
+3 2
+1 2
+1 2
+3 2
+1 2
+1 2
+6 2
+1 2
+1 2
+1 2
+1 2
+1 2
+72 1
+1 1
+1 1
+1 1
+1 1
+2 1
+1 1
+1 1
+1 1
+1 1
+1 1
+1 1
1571 1
+1 1
+1 1
+1 1
+1 1
+2 1
+1 1
+1 1
+1 1
+1 1
+1 1
+1 1
+1 1
+4 1
+1 1
+1 1
+6 1
+1 1
+1 2
+4 1
+1 1
+3 1
+1 1
+1 1
+3 1
+1 1
+1 1
+6 1
+1 1
+1 1
+1 1
+1 1
+1 1
+72 3
+1 3
+1 3
+1 3
+1 3
+2 3
+1 3
+1 3
+1 3
+1 3
+1 3
+1 3
+1 2
+4 2
+1 2
+1 2
+6 2
+1 2
+1 4
+4 2
+1 2
+3 2
+1 2
+1 2
+3 2
+1 2
+1 2
+6 2
+1 2
+1 2
+1 2
+1 2
+1 2
+72 2
+1 2
+1 2
+1 2
+1 2
+2 2
+1 2
+1 2
+1 2
+1 2
+1 2
+1 2
2071 18
+1 18
+1 18
+1 18
+1 18
+2 18
+1 18
+1 18
+1 18
+1 18
+1 18
+1 18
+2 13
+4 13
+1 13
+1 13
+6 13
+1 13
+2 26
+4 13
+1 13
+3 13
+1 13
+1 13
+3 13
+1 13
+1 13
+6 13
+1 13
+1 13
+1 13
+1 13
+1 13
+74 24
+2 24
+1 24
+1 24
+1 24
-3 12
+1 12
+1 12
+1 12
+1 22
+5 11
+6 11
+1 11
+8 11
+1 11
-16 151
+6 151
+1 151
+8 151
+1 151

fl=(101)
fn=(308)
78 5
+1 1

fn=(298)
78 20
+1 4

fl=(19)
fn=(94)
109 3
+2 12

fn=(84) strsep
262 2
+3 4
+2 2
+1 4
+4 33
+7 84
-2 56
+13 1
+4 4
-22 14
+15 14
-15 30

fn=(46)
49 110
+1 88
+11 44
+3 22
-3 22
+3 128
+18 22
+1 22
+2 88
-16 4
+1 2
+2 1
+1 7
cfi=(43)
cfn=(136)
calls=1 -25 
* 20
* 1
+2 2
+2 2
+2 4
-23 1
-1 1
+1 1
+1 2
-2 2

fn=(42)
92 16
+4 8
+4 8
-1 16
+1 16
+3 8
cob=(2)
cfi=(18)
cfn=(44)
calls=8 0 
* 262

fl=(21)
fn=(134) _dl_process_pt_note
153 40
+4 4
+2 16
53 4
+6 2
160 1
-98 1
+5 2
+89 2
-89 2
+89 4
-89 4
+70 8
-1 2
-69 6
+3 6
+1 4
+1 4
+4 6
+4 6
+3 6
+1 4
+4 2
+1 4
+11 2
+1 8
+5 4
-13 4
+1 2
+3 6
+66 4
+16 4
+3 4
+1 32
-19 30
+6 6
-6 2
+6 4
cfi=(53)
cfn=(170)
calls=2 29 
* 14
* 4
53 4
+6 2
+3 1
+5 2
+75 10
+1 2
+1 4
+1 4
-32 4
+3 4
+4 2

fl=(35)
fn=(104)
28 1
+2 1
+7 1
+1 1
+2 1
+1 1
+1 1
+1 1
+1 33
+3 3
+7 1
+1 1
+1 1
+1 1
+2 1
+1 1
+1 1
+1 1
+2 1
+1 1
+1 1
+9 3
+12 1
+2 1
+1 1
+1 1
-4 16
+2 16
+1 16
+1 16
+2 16
+1 16
+1 16
+2 16
+1 16
+1 16
+2 16
+1 16
+1 16
+6 1
+7 1
+4 1

fl=(20)
fn=(78)
114 26
+1 26
+1 26
+1 26
+17 26
+1 26
+1 4
+1 4
+5 3
+1 3
+1 3
+1 3
+5 3
280 22
+1 22
+1 8
+1 8
+1 3
+1 3
+1 1
+4 1
+22 14
+1 14
+1 14
+1 14
+1 14
+3 5
+1 5
+1 5
+1 5
+1 5
+3 2
+1 2
+1 2
+1 2
+1 2
+10 1
+1 1
+1 1
+1 1
+2 1
+1 1
+1 1
+1 1
+1 1
+1 1
+1 1
+1 1
+1 1
+1 1
+1 1
+1 1
+1 1
+1 1
+1 1
+1 1
+2 1

fn=(48)
127 15
+1 15
+6 15
+1 15
+1 8
+1 8
+5 5
+1 5
+1 5
+1 5
+5 5
280 7
+1 7
+1 1
+1 1
+1 1
+1 1
+1 1
+1 1
+1 1
+2 1
+22 6
+1 6
+1 6
+1 6
+1 6
+24 3
+1 3
+1 3
+1 3
+2 3
+1 3
+1 3
+1 3
+1 3
+1 3
+1 3
+1 3
+1 3
+1 3
+1 3
+1 3
+1 3
+1 3
+1 3
+1 3
+2 3

fl=(123)
fn=(396)
67 3
+5 3
+3 3
+2 3
+10 3
+6 3
+1 3
+1 3
+1 3
+1 3
+1 3
+1 3
+4 3
+1 3
+3 3
+1 3
+2 3
+1 3
+1 3
+1 3
+1 3
+1 3
+2 3
+7 3
+1 3
+1 3
cfi=(124)
cfn=(398)
calls=3 -60 
* 2085
+1 3
+5 3
+1 3
+1 3
+2 3
+1 3
+1 3
+1 3
+1 3
+1 3
+1 3
+2 3
+2 3
+4 3
+3 3

fl=(56)
fn=(178)
28 26
+2 4
+4 38
+1 6
-1 2
+1 4
cfi=(30)
cfn=(80)
calls=2 +73 
* 32
* 16
-2 8
+6 8
+3 2
-3 4
+1 6
+2 2
-3 16
+3 4
-3 8
+1 12
+2 4
+12 24
+2 12
+1 8
-1 6
+1 4
+33 12
-36 24
+61 30
+7 16
-63 18
+1 12
+58 24
cfi=(30)
cfn=(80)
calls=4 -10 
* 68
* 12
-28 9
-44 12

fl=(26)
fn=(70)
78 5
+1 1

fl=(34)
fn=(302)
437 9
+1 2
+4 1
+6 1
-6 1
+6 2
+12 1
-15 1
-1 2
+21 5
+9 3
+1 2
+6 3
+3 1
-2 1
+6 1
-6 1
+2 2
+4 1
-4 3
+3 2
+4 2
+1 4
+2 2
+1 2
+12 1
-3 1
+3 2
cfi=(20)
cfn=(78)
calls=1 114 
* 13
* 5
cfi=(30)
cfn=(80)
calls=1 108 
* 34
* 1
-42 3
+6 6
+50 2
+3 9

fn=(190)
135 4
+6 1
-6 2
+6 2
+3 2
+36 3
+2 1
-2 1
-2 1
-40 1
-1 1
-1 2
+69 2
+3 1
-3 1
+3 1
-3 4
+2 2
+10 1
-12 1
-25 6
+2 2
+3 1
-1 1
+5 2
-5 1
+1 1
-1 1
+3 2
+2 3
+12 6
+20 1
+52 2
-1 1
-51 1
+52 2
-52 1
+52 2

fn=(300)
887 8
+6 1
+3 1
+1 1
+4 3
+41 2
+3 4
-1 1
+1 1
+2 6

fn=(98)
108 1
+5 2
+1 1
+15 2

fn=(192)
332 2
+13 1
-13 2
+2 1
+12 2
cob=(2)
cfi=(18)
cfn=(44)
calls=1 0 
* 27
+1 3
+8 2
-69 1
+69 2
+1 1
+4 297
+19 1
-94 2
+1 2
cob=(2)
cfi=(18)
cfn=(40)
calls=1 0 
* 38
+1 2
+3 1
+6 2
+89 5

fn=(172) _dl_next_tls_modid
48 1
+3 4
+48 1
+4 1

fl=(12)
fn=(24)
71 2
+4 4
+3 3
+4 2
-4 1
+4 1
-4 1
+3 1
+1 1
+1 4
+1 4
+1 3
+1 2
+7 2
+1 3
+6 1
-6 4
+6 1
+1 7
+7 3
+4 2
+2 4
225 2
+4 3
+1 2
+3 1
-1 1
+4 1
+2 1
-2 1
+5 2
+50 3
118 2
+3 4
+3 2
+8 1
-5 3
+8 2
+2 2
+2 3
+4 2
+4 2
+7 3

fl=(37)
fn=(114)
30 3
+2 3
+9 3
+1 6
+1 3
+4 3
+1 3
+1 3
+1 3
+1 3
+2 6
+2 3
+1 3
+1 3
+2 6
+2 3
+8 3
+3 3
+1 3
+7 3
+1 3

fl=(40) /build/glibc-SzIz7B/glibc-2.31/io/../sysdeps/unix/sysv/linux/read_nocancel.c
fn=(126) __read_nocancel
25 2
+1 8
+1 2

fl=(47)
fn=(146)
25 1
+2 7
+4 1

fl=(28) /build/glibc-SzIz7B/glibc-2.31/elf/dl-hwcaps.c
fn=(74) _dl_important_hwcaps
42 6
+1 1
-1 5
+1 1
-1 1
+1 1
-1 1
+1 2
-1 1
+1 1
cfi=(8)
cfn=(26)
calls=1 368 
* 20
* 1
+2 1
+1 2
-1 1
+1 1
+9 1
-12 1
+12 4
+1 6
+1 1
-1 2
-1 12
+10 3
193 3
+2 1
+1 2
+1 4
+3 1
+1 1
-1 1
+4 2
+3 5
+4 7
+1 2
+2 2
+1 2
+1 2
-1 1
+1 1
-1 2
+9 2
+6 10
+1 2
-1 1
+1 2
cob=(2)
cfi=(18)
cfn=(44)
calls=1 0 
* 27
+1 4
-1 1
+1 1
+31 10
+3 4
+7 3
+10 9
-4 2
-3 1
+3 1
cfi=(20)
cfn=(78)
calls=1 114 
* 17
* 2
-3 1
+3 1
cfi=(20)
cfn=(78)
calls=1 114 
* 17
+3 2
-3 6
+3 4
+1 12
+1 5
cfi=(20)
cfn=(78)
calls=1 114 
* 15
* 2
-2 2
+5 6
cfi=(20)
cfn=(78)
calls=2 114 
* 30
* 4
+2 6
-7 3
+13 1
-1 1
+1 2
-1 2
+1 7
-1 7
+1 14
-1 18
+5 9
+4 4
-4 12
+4 44
+1 24
-1 24
+1 24
-1 24
-1 24
+4 9
+3 1
+2 2
-1 1
-1 1
+2 1
-2 1
+2 3
-1 1
+1 2
+2 6
+1 2
+3 2
-6 5
+13 7
+1 1
-1 2
+3 2
-3 3
+1 3
-1 6
+3 6
+3 3
+3 9
148 7
+1 1
-1 2
+37 3
+5 2
-5 1
+5 5
-4 10
fi=(29) /build/glibc-SzIz7B/glibc-2.31/elf/../sysdeps/x86/dl-hwcap.h
57 6
fe=(28)
188 1
+1 1
cfi=(14)
cfn=(30)
calls=1 41 
* 17
+1 5
-5 1
+4 1
+1 1
-5 5
-37 10
+37 2
316 1
+1 2
-6 6
-94 4
-2 3

fl=(43)
fn=(136)
48 11
+3 22
-3 44
+6 22
+5 66
+2 33
-7 8

fl=(27)
fn=(86) expand_dynamic_string_token
378 14
234 2
378 2
234 2
378 2
234 2
cfi=(31)
cfn=(88)
calls=2 23 
* 114
+3 4
403 2
-11 2
+11 12
-11 2
cfi=(32)
cfn=(90)
calls=2 40 
* 206

fn=(82) fillin_rpath
447 7
+2 1
-2 9
+4 3
cfi=(19)
cfn=(84)
calls=1 262 
* 240
* 3
cfi=(19)
cfn=(84)
calls=1 262 
* 8
* 6
+7 2
+2 3
cfn=(86)
calls=1 -82 
* 120
* 1
+4 2
+5 2
cfi=(14)
cfn=(30)
calls=1 41 
* 17
* 1
+1 2
+7 5
+9 17
+1 8
+57 2
cob=(2)
cfi=(18)
cfn=(92)
calls=1 0 
* 7
* 1
-39 2
+4 8
cob=(2)
cfi=(18)
cfn=(44)
calls=1 0 
* 27
+2 3
+5 1
+1 2
-2 2
+2 1
cfi=(20)
cfn=(78)
calls=1 114 
* 13
+1 1
+2 1
-3 1
+1 1
+2 1
+6 4
+1 10
+1 4
-1 2
+1 4
-1 6
+3 1
+1 1
-1 1
+1 1
+8 1
-1 1
+4 3
-60 4
+23 2
+43 1
+3 9
-15 2

fn=(128) _dl_map_object_from_fd
866 20
+10 2
-10 2
+10 2
-10 6
+10 2
cfi=(33)
cfn=(96)
calls=2 46 
* 18
* 2
+7 8
+61 8
+10 4
+7 8
+33 4
877 2
997 14
cfi=(17)
cfn=(38)
calls=2 59 
* 861
* 2
+1 4
+11 4
+5 2
-5 2
+1 2
+5 2
-5 2
+1 2
+2 2
-2 2
+2 4
+1 6
+20 4
-2 2
+2 34
+8 2
-8 2
+8 2
-8 2
+8 6
+90 2
-96 2
+96 2
-97 2
-5 4
1132 4
-89 194
fi=(41) /build/glibc-SzIz7B/glibc-2.31/elf/../sysdeps/posix/dl-fileid.h
37 8
cfi=(42)
cfn=(132)
calls=2 -4 
* 22
* 4
fe=(27)
901 4
fi=(41)
40 4
+1 2
fe=(27)
901 2
fi=(41)
40 2
fe=(27)
901 23
+1 10
fi=(41)
49 12
fe=(27)
1417 18
1018 9
-98 4
1066 40
+5 56
+8 8
+1 8
+1 8
-2 8
+1 16
+1 24
-1 8
+1 8
-1 16
+1 32
+3 8
-3 8
+1 16
+2 8
+4 16
+1 36
+5 12
-1 6
+1 6
-1 6
-14 6
+15 30
-52 36
+52 4
-1 2
+1 2
-1 2
-14 2
+15 10
-52 114
1157 4
1010 4
1170 4
+10 8
fi=(44) /build/glibc-SzIz7B/glibc-2.31/elf/./dl-map-segments.h
56 2
fe=(27)
1180 4
fi=(44)
56 4
fe=(27)
1180 6
fi=(44)
56 4
-6 2
+6 2
-6 2
+6 2
cfi=(43)
cfn=(136)
calls=2 -8 
* 40
* 2
+4 4
+3 4
+1 2
+2 2
-3 2
+1 2
+2 2
+14 2
+2 2
fi=(45) /build/glibc-SzIz7B/glibc-2.31/elf/./dl-load.h
+8 16
+1 6
+2 16
fi=(44)
+11 32
+6 2
+2 2
-2 2
+1 2
+2 4
-1 4
+3 4
+5 4
+3 4
+8 14
cfi=(30)
cfn=(80)
calls=2 -23 
* 272
+1 4
+5 4
+12 8
-59 40
+2 30
+2 48
cfi=(43)
cfn=(136)
calls=6 -46 
* 108
* 12
fe=(27)
1107 3
+4 1
+1 2
+1 1
+3 5
+1 1
+3 1
-3 1
+8 4
-65 2
+1 1
+88 20
cfi=(21)
cfn=(134)
calls=4 153 
* 309
* 16
1049 4
+5 4
+1 8
-37 5
+1 2
-1 1
+1 2
cfi=(53)
cfn=(170)
calls=1 29 
* 7
* 2
+24 28
1144 8
+2 2
-6 4
+1 2
+51 8
+9 6
fi=(3)
42 2
+6 2
-2 2
+2 4
+15 2
+5 2
+3 2
-2 2
-2 2
-3 4
-1 40
+1 24
-16 8
+26 8
-26 53
+26 37
-26 74
+2 90
+23 74
-8 10
+3 8
+3 8
+1 8
+9 4
+20 7
+1 8
+1 8
+1 8
+2 8
+5 8
+1 7
+1 8
+5 6
+5 4
+7 4
+1 6
+18 6
+5 2
+2 2
+2 2
+2 2
+3 6
+2 3
+1 2
+9 2
+5 2
+3 4
fe=(27)
1208 4
+2 4
+19 6
+19 4
+2 10
+48 6
+1 2
+3 2
cfi=(46)
cfn=(144)
calls=1 25 
* 6
* 2
cfi=(46)
cfn=(144)
calls=1 25 
* 6
* 4
+9 4
+2 8
+2 4
+16 4
cfi=(6)
cfn=(10)
calls=2 961 
* 48
+4 4
+1 4
+17 4
+4 2
+5 2
-5 2
+5 2
+10 4
+9 4
+1 4
+5 1
cfi=(34)
cfn=(172)
calls=1 48 
* 7
* 1
+7 3
cfi=(17)
cfn=(50)
calls=1 31 
* 48
* 3
cfi=(17)
cfn=(50)
calls=1 31 
* 44
+4 6
fi=(45)
94 5
+2 1
-1 2
+1 1
-1 1
+1 1
-1 1
+1 1
-1 2
+3 4
fe=(27)
1354 2
fi=(44)
141 8
cfi=(43)
cfn=(136)
calls=1 -93 
* 18
+3 2
fe=(27)
1018 2
fi=(41)
49 2
fe=(27)

fn=(118)
1927 30
+8 6
+1 12
+3 42
+5 49
+2 21
cfi=(38)
cfn=(120)
calls=7 282 
* 705
* 14
+4 12
+1 18
+3 2
+1 2
+1 2
-1 2
+1 2
cfi=(22)
cfn=(58)
calls=2 111 
* 50
* 4
2238 27
1972 12
-43 2
+53 6
+36 4
-2 2
+2 2
cfi=(31)
cfn=(88)
calls=2 23 
* 48
* 4
2169 2
-1 3
cfn=(86)
calls=1 378 
* 246
+2 1
-3 1
+1 1
+2 2
+4 4
cfn=(122) open_verify.constprop.1
calls=1 1466 
* 285
* 1
+3 2
+12 4
+46 1
+1 3
-1 1
+1 9
cfn=(128)
calls=1 866 
* 1851
-1 1
+1 3
-1 1
+1 9
cfn=(128)
calls=1 866 
* 2215
* 6
2022 2
cfi=(14)
cfn=(30)
calls=1 41 
* 17
* 2
+2 2
+7 4
+36 12
cfn=(154) open_path
calls=1 1779 
* 1340
+6 1
-6 1
+6 4
659 1
2074 1
659 2
2161 2
+28 4
+2 4
2035 5
+8 4
-3 3
659 1
2041 1
659 2
2082 1
+14 2
+2 3
+4 2
cfi=(50)
cfn=(160)
calls=1 187 
* 1242
* 1
+2 2
+4 2
+8 3
+23 6
cfn=(156) open_verify.constprop.0
calls=1 1466 
* 393
+4 2
-4 1
+4 1
+1 2
-89 4
+1 8
659 1
2057 1
659 2
2066 2
+1 2

fn=(150)
231 4
+3 2
-3 4
+7 2
-7 4
+3 2
cfi=(31)
cfn=(88)
calls=2 23 
* 72
+3 4
+20 14

fn=(72)
681 2
+13 2
-13 8
+13 3
cfi=(28)
cfn=(74)
calls=1 42 
* 747
+5 1
-5 1
+5 1
cob=(2)
cfi=(18)
cfn=(44)
calls=1 0 
* 27
-1 1
+2 2
+7 2
+1 4
-1 3
+4 4
cob=(2)
cfi=(18)
cfn=(44)
calls=1 0 
* 27
* 2
+2 2
+7 1
+10 1
-2 2
+2 1
+3 2
+9 1
-7 1
+7 2
-3 1
-20 1
+12 1
+3 1
+8 1
-3 17
cfi=(30)
cfn=(80)
calls=4 108 
* 52
+3 18
-14 9
+14 3
-12 6
+4 3
+4 3
-7 3
+3 3
+1 3
-2 3
+5 3
+1 3
-4 3
+4 3
+14 1
-11 1
+6 1
+1 1
+5 2
+2 4
+2 3
+38 5
-19 1
-2 1
+2 2
+21 2
cfi=(14)
cfn=(30)
calls=1 41 
* 17
* 10
-7 2
+7 9
cfi=(20)
cfn=(48)
calls=1 127 
* 11
* 1
+5 4
-1 2
+2 56
-1 57
+5 1
cob=(2)
cfi=(18)
cfn=(44)
calls=1 0 
* 27
-1 1
+1 1
+1 2
+6 6
cfn=(82)
calls=1 447 
* 588
+3 3
+6 1
+4 8
-30 2

fn=(122)
1466 1
+70 1
-70 4
+70 1
-70 6
+70 1
cfi=(39)
cfn=(124)
calls=1 34 
* 19
* 1
+2 2
+11 2
+6 1
-6 1
+1 2
+5 5
cfi=(40)
cfn=(126)
calls=1 25 
* 6
+2 2
+2 3
+2 2
+6 2
+16 9
1761 2
cob=(2)
cfi=(18)
cfn=(92)
calls=1 0 
* 7
+4 9
1583 7
+74 2
+5 2
+2 4
+6 2
+6 1
+1 1
-1 3
+1 1
-1 1
+1 2
+1 2
+20 4
1543 2
1698 66
+1 28
+1 8
+4 8
+17 4
+8 12
+3 18
+3 2
-4 2
+4 4
+6 4
-36 6

fn=(154)
1779 8
+1 1
-1 6
+1 1
+6 2
+5 17
-7 1
1443 2
1791 1
-8 1
+8 2
+3 2
+9 6
+7 3
+1 1
-1 1
cfi=(20)
cfn=(78)
calls=1 114 
* 13
-12 1
+12 1
+55 2
-22 8
-32 27
+3 8
-3 8
+3 8
+4 56
cfi=(20)
cfn=(78)
calls=8 114 
* 109
* 32
cfi=(20)
cfn=(78)
calls=8 114 
* 104
+3 16
+3 24
+3 48
cfn=(156)
calls=8 1466 
* 424
* 8
+2 24
+2 16
+62 1
+27 9
-24 8
+7 2
-2 2
+2 2
+3 3
-95 16
+25 16
+1 56
+6 16
+2 24
-2 16
+2 8
cfi=(49) /build/glibc-SzIz7B/glibc-2.31/io/../sysdeps/unix/sysv/linux/wordsize-64/xstat.c
cfn=(158) _xstat
calls=8 33 
* 109
* 8
+3 8
-3 16
+1 1
+2 1
-2 1
+2 23
-57 2

fn=(156)
1466 99
+39 27
+31 36
cfi=(39)
cfn=(124)
calls=9 34 
* 195
* 9
+2 18
+11 2
+6 1
-6 1
+1 2
+5 5
cfi=(40)
cfn=(126)
calls=1 25 
* 6
+2 2
+2 3
+2 2
+6 2
+16 9
-65 8
1765 81
1583 7
+74 2
+5 2
+2 4
+6 2
+6 1
+1 1
-1 3
+1 1
-1 1
+1 2
+21 4
1543 2

ob=(5)
fl=(118)
fn=(532)
831 12
cfn=(626)
calls=2 508 
* 82
* 10
+2 1071
cfn=(534)
calls=153 666 
* 33952
+3 180
+1 414

fn=(562)
195 82465
+1 82465
+1 32372
cfn=(564)
calls=8093 -14 
* 170585
* 8093

ob=(1)
fl=(27)
fn=(156)
1698 48
+1 24
+1 8
+4 8
+6 4
+1 32
+10 14
cfi=(53)
cfn=(170)
calls=2 29 
* 14
* 12
+8 18
+15 2

ob=(5)
fl=(118)
fn=(562)
199 25200
+1 8400
+1 15838
+1 23757
-2 114229
+4 8400
+1 32986

fl=(111)
fn=(358)
0 15
cob=(2)
cfi=(18)
cfn=(360)
calls=1 0 
0 7
0 2

ob=(1)
fl=(27)
fn=(156)
1750 3
-3 1
+1 1
+3 1
-3 2
+1 1
-1 1
-1 1
+4 2
1583 3
1761 2
cob=(2)
cfi=(18)
cfn=(92)
calls=1 0 
* 7
* 1
-29 18
+3 2
-4 2
+4 4
+5 1
+1 4
-60 9

ob=(5)
fl=(111)
fn=(358)
0 6
cfn=(364) 0x0000000000001260
calls=1 0 
0 12
0 11

fn=(660) 0x00000000000011b0
0 5

fn=(348)
0 12
cob=(3)
cfi=(112)
cfn=(350)
calls=1 137 
0 230457866

fn=(364)
0 10

ob=(1)
fl=(27)
fn=(156)
1681 6
+1 2
-1 1
+1 3
cfi=(53)
cfn=(170)
calls=1 29 
* 7
* 8

fl=(49)
fn=(158)
33 32
+1 16
+1 16

ob=(5)
fl=(111)
fn=(364)
0 2

fn=(642)
0 9
cob=(2)
cfi=(18)
cfn=(648)
calls=1 0 
0 77
0 1
cfn=(660)
calls=1 0 
0 5
0 3

ob=(1)
fl=(49)
fn=(158)
35 16
+4 1
-4 28

totals: 230588608
