desc: --massif-out-file=debug/massif.log
cmd: ./a.out
time_unit: i
#-----------
snapshot=0
#-----------
time=0
mem_heap_B=0
mem_heap_extra_B=0
mem_stacks_B=0
heap_tree=empty
#-----------
snapshot=1
#-----------
time=168618012
mem_heap_B=1945960
mem_heap_extra_B=787552
mem_stacks_B=0
heap_tree=empty
#-----------
snapshot=2
#-----------
time=323250711
mem_heap_B=3790656
mem_heap_extra_B=1535808
mem_stacks_B=0
heap_tree=detailed
n3: 3790656 (heap allocation functions) malloc/new/new[], --alloc-fns, etc.
 n1: 3671360 0x10A5FF: little_rb_insert (source.c:574)
  n2: 3671360 0x10B220: new_car (source.c:884)
   n0: 3373200 0x10BCC5: main (source.c:1101)
   n0: 298160 0x10BE12: main (source.c:1127)
 n1: 78848 0x1099F3: rb_insert (source.c:277)
  n0: 78848 0x10BBB7: main (source.c:1084)
 n0: 40448 in 11 places, all below massif's threshold (1.00%)
#-----------
snapshot=3
#-----------
time=479083108
mem_heap_B=5771288
mem_heap_extra_B=2338456
mem_stacks_B=0
heap_tree=empty
#-----------
snapshot=4
#-----------
time=701653843
mem_heap_B=8160296
mem_heap_extra_B=3310280
mem_stacks_B=0
heap_tree=detailed
n3: 8160296 (heap allocation functions) malloc/new/new[], --alloc-fns, etc.
 n1: 7912840 0x10A5FF: little_rb_insert (source.c:574)
  n2: 7912840 0x10B220: new_car (source.c:884)
   n0: 7025920 0x10BCC5: main (source.c:1101)
   n0: 886920 0x10BE12: main (source.c:1127)
 n1: 169736 0x1099F3: rb_insert (source.c:277)
  n0: 169736 0x10BBB7: main (source.c:1084)
 n0: 77720 in 11 places, all below massif's threshold (1.00%)
#-----------
snapshot=5
#-----------
time=849549047
mem_heap_B=9861000
mem_heap_extra_B=4001360
mem_stacks_B=0
heap_tree=detailed
n3: 9861000 (heap allocation functions) malloc/new/new[], --alloc-fns, etc.
 n1: 9563200 0x10A5FF: little_rb_insert (source.c:574)
  n2: 9563200 0x10B220: new_car (source.c:884)
   n0: 8502840 0x10BCC5: main (source.c:1101)
   n0: 1060360 0x10BE12: main (source.c:1127)
 n1: 205464 0x1099F3: rb_insert (source.c:277)
  n0: 205464 0x10BBB7: main (source.c:1084)
 n0: 92336 in 11 places, all below massif's threshold (1.00%)
#-----------
snapshot=6
#-----------
time=988279608
mem_heap_B=11102088
mem_heap_extra_B=4507400
mem_stacks_B=0
heap_tree=detailed
n3: 11102088 (heap allocation functions) malloc/new/new[], --alloc-fns, etc.
 n1: 10757280 0x10A5FF: little_rb_insert (source.c:574)
  n2: 10757280 0x10B220: new_car (source.c:884)
   n0: 9457600 0x10BCC5: main (source.c:1101)
   n0: 1299680 0x10BE12: main (source.c:1127)
 n1: 239008 0x1099F3: rb_insert (source.c:277)
  n0: 239008 0x10BBB7: main (source.c:1084)
 n0: 105800 in 11 places, all below massif's threshold (1.00%)
#-----------
snapshot=7
#-----------
time=1119917156
mem_heap_B=12829304
mem_heap_extra_B=5208944
mem_stacks_B=0
heap_tree=empty
#-----------
snapshot=8
#-----------
time=1229574547
mem_heap_B=14301288
mem_heap_extra_B=5805632
mem_stacks_B=0
heap_tree=detailed
n3: 14301288 (heap allocation functions) malloc/new/new[], --alloc-fns, etc.
 n1: 13862800 0x10A5FF: little_rb_insert (source.c:574)
  n2: 13862800 0x10B220: new_car (source.c:884)
   n0: 12347520 0x10BCC5: main (source.c:1101)
   n0: 1515280 0x10BE12: main (source.c:1127)
 n1: 305256 0x1099F3: rb_insert (source.c:277)
  n0: 305256 0x10BBB7: main (source.c:1084)
 n0: 133232 in 11 places, all below massif's threshold (1.00%)
#-----------
snapshot=9
#-----------
time=1401954078
mem_heap_B=14340720
mem_heap_extra_B=5821520
mem_stacks_B=0
heap_tree=empty
#-----------
snapshot=10
#-----------
time=1617532567
mem_heap_B=16892576
mem_heap_extra_B=6857000
mem_stacks_B=0
heap_tree=detailed
n3: 16892576 (heap allocation functions) malloc/new/new[], --alloc-fns, etc.
 n1: 16373720 0x10A5FF: little_rb_insert (source.c:574)
  n2: 16373720 0x10B220: new_car (source.c:884)
   n0: 14676400 0x10BCC5: main (source.c:1101)
   n0: 1697320 0x10BE12: main (source.c:1127)
 n1: 362320 0x1099F3: rb_insert (source.c:277)
  n0: 362320 0x10BBB7: main (source.c:1084)
 n0: 156536 in 11 places, all below massif's threshold (1.00%)
#-----------
snapshot=11
#-----------
time=1722537566
mem_heap_B=18335688
mem_heap_extra_B=7441808
mem_stacks_B=0
heap_tree=detailed
n3: 18335688 (heap allocation functions) malloc/new/new[], --alloc-fns, etc.
 n1: 17775800 0x10A5FF: little_rb_insert (source.c:574)
  n2: 17775800 0x10B220: new_car (source.c:884)
   n0: 15966200 0x10BCC5: main (source.c:1101)
   n0: 1809600 0x10BE12: main (source.c:1127)
 n1: 391328 0x1099F3: rb_insert (source.c:277)
  n0: 391328 0x10BBB7: main (source.c:1084)
 n0: 168560 in 11 places, all below massif's threshold (1.00%)
#-----------
snapshot=12
#-----------
time=1865372982
mem_heap_B=20317640
mem_heap_extra_B=8244416
mem_stacks_B=0
heap_tree=detailed
n3: 20317640 (heap allocation functions) malloc/new/new[], --alloc-fns, etc.
 n1: 19706680 0x10A5FF: little_rb_insert (source.c:574)
  n2: 19706680 0x10B220: new_car (source.c:884)
   n0: 17770240 0x10BCC5: main (source.c:1101)
   n0: 1936440 0x10BE12: main (source.c:1127)
 n1: 427616 0x1099F3: rb_insert (source.c:277)
  n0: 427616 0x10BBB7: main (source.c:1084)
 n0: 183344 in 11 places, all below massif's threshold (1.00%)
#-----------
snapshot=13
#-----------
time=1975324282
mem_heap_B=21844328
mem_heap_extra_B=8863168
mem_stacks_B=0
heap_tree=detailed
n3: 21844328 (heap allocation functions) malloc/new/new[], --alloc-fns, etc.
 n1: 21190640 0x10A5FF: little_rb_insert (source.c:574)
  n2: 21190640 0x10B220: new_car (source.c:884)
   n0: 19125160 0x10BCC5: main (source.c:1101)
   n0: 2065480 0x10BE12: main (source.c:1127)
 n1: 457912 0x1099F3: rb_insert (source.c:277)
  n0: 457912 0x10BBB7: main (source.c:1084)
 n0: 195776 in 11 places, all below massif's threshold (1.00%)
#-----------
snapshot=14
#-----------
time=2146020346
mem_heap_B=23985984
mem_heap_extra_B=9732888
mem_stacks_B=0
heap_tree=detailed
n3: 23985984 (heap allocation functions) malloc/new/new[], --alloc-fns, etc.
 n1: 23271520 0x10A5FF: little_rb_insert (source.c:574)
  n2: 23271520 0x10B220: new_car (source.c:884)
   n0: 20961440 0x10BCC5: main (source.c:1101)
   n0: 2310080 0x10BE12: main (source.c:1127)
 n1: 501144 0x1099F3: rb_insert (source.c:277)
  n0: 501144 0x10BBB7: main (source.c:1084)
 n0: 213320 in 11 places, all below massif's threshold (1.00%)
#-----------
snapshot=15
#-----------
time=2257177435
mem_heap_B=25257592
mem_heap_extra_B=10248640
mem_stacks_B=0
heap_tree=detailed
n3: 25257592 (heap allocation functions) malloc/new/new[], --alloc-fns, etc.
 n1: 24509440 0x10A5FF: little_rb_insert (source.c:574)
  n2: 24509440 0x10B220: new_car (source.c:884)
   n0: 22007440 0x10BCC5: main (source.c:1101)
   n0: 2502000 0x10BE12: main (source.c:1127)
 n1: 525112 0x1099F3: rb_insert (source.c:277)
  n0: 525112 0x10BBB7: main (source.c:1084)
 n0: 223040 in 11 places, all below massif's threshold (1.00%)
#-----------
snapshot=16
#-----------
time=2406331441
mem_heap_B=27141528
mem_heap_extra_B=11012432
mem_stacks_B=0
heap_tree=detailed
n3: 27141528 (heap allocation functions) malloc/new/new[], --alloc-fns, etc.
 n1: 26346840 0x10A5FF: little_rb_insert (source.c:574)
  n2: 26346840 0x10B220: new_car (source.c:884)
   n0: 23634880 0x10BCC5: main (source.c:1101)
   n0: 2711960 0x10BE12: main (source.c:1127)
 n1: 558208 0x1099F3: rb_insert (source.c:277)
  n0: 558208 0x10BBB7: main (source.c:1084)
 n0: 236480 in 11 places, all below massif's threshold (1.00%)
#-----------
snapshot=17
#-----------
time=2618447556
mem_heap_B=29413576
mem_heap_extra_B=11937576
mem_stacks_B=0
heap_tree=empty
#-----------
snapshot=18
#-----------
time=2750333087
mem_heap_B=31286776
mem_heap_extra_B=12695232
mem_stacks_B=0
heap_tree=detailed
n3: 31286776 (heap allocation functions) malloc/new/new[], --alloc-fns, etc.
 n1: 30360400 0x10A5FF: little_rb_insert (source.c:574)
  n2: 30360400 0x10B220: new_car (source.c:884)
   n0: 27130400 0x10BCC5: main (source.c:1101)
   n0: 3230000 0x10BE12: main (source.c:1127)
 n1: 651784 0x1099F3: rb_insert (source.c:277)
  n0: 651784 0x10BBB7: main (source.c:1084)
 n0: 274592 in 11 places, all below massif's threshold (1.00%)
#-----------
snapshot=19
#-----------
time=2941622872
mem_heap_B=33277960
mem_heap_extra_B=13505984
mem_stacks_B=0
heap_tree=detailed
n3: 33277960 (heap allocation functions) malloc/new/new[], --alloc-fns, etc.
 n1: 32281160 0x10A5FF: little_rb_insert (source.c:574)
  n2: 32281160 0x10B220: new_car (source.c:884)
   n0: 28849120 0x10BCC5: main (source.c:1101)
   n0: 3432040 0x10BE12: main (source.c:1127)
 n1: 701904 0x1099F3: rb_insert (source.c:277)
  n0: 701904 0x10BBB7: main (source.c:1084)
 n0: 294896 in 11 places, all below massif's threshold (1.00%)
#-----------
snapshot=20
#-----------
time=3712318350
mem_heap_B=33414028
mem_heap_extra_B=13560980
mem_stacks_B=0
heap_tree=empty
#-----------
snapshot=21
#-----------
time=3931450623
mem_heap_B=36113744
mem_heap_extra_B=14654448
mem_stacks_B=0
heap_tree=detailed
n3: 36113744 (heap allocation functions) malloc/new/new[], --alloc-fns, etc.
 n1: 35042000 0x10A5FF: little_rb_insert (source.c:574)
  n2: 35042000 0x10B220: new_car (source.c:884)
   n0: 31220880 0x10BCC5: main (source.c:1101)
   n0: 3821120 0x10BE12: main (source.c:1127)
 n1: 755104 0x1099F3: rb_insert (source.c:277)
  n0: 755104 0x10BBB7: main (source.c:1084)
 n0: 316640 in 11 places, all below massif's threshold (1.00%)
#-----------
snapshot=22
#-----------
time=5002714691
mem_heap_B=36125288
mem_heap_extra_B=14659080
mem_stacks_B=0
heap_tree=empty
#-----------
snapshot=23
#-----------
time=5090806847
mem_heap_B=36855392
mem_heap_extra_B=14954576
mem_stacks_B=0
heap_tree=detailed
n3: 36855392 (heap allocation functions) malloc/new/new[], --alloc-fns, etc.
 n1: 35765000 0x10A5FF: little_rb_insert (source.c:574)
  n2: 35765000 0x10B220: new_car (source.c:884)
   n0: 31849960 0x10BCC5: main (source.c:1101)
   n0: 3915040 0x10BE12: main (source.c:1127)
 n1: 768376 0x1099F3: rb_insert (source.c:277)
  n0: 768376 0x10BBB7: main (source.c:1084)
 n0: 322016 in 11 places, all below massif's threshold (1.00%)
#-----------
snapshot=24
#-----------
time=6074406715
mem_heap_B=37087864
mem_heap_extra_B=15049392
mem_stacks_B=0
heap_tree=empty
#-----------
snapshot=25
#-----------
time=6235686660
mem_heap_B=38771152
mem_heap_extra_B=15733424
mem_stacks_B=0
heap_tree=detailed
n3: 38771152 (heap allocation functions) malloc/new/new[], --alloc-fns, etc.
 n1: 37615360 0x10A5FF: little_rb_insert (source.c:574)
  n2: 37615360 0x10B220: new_car (source.c:884)
   n0: 33470560 0x10BCC5: main (source.c:1101)
   n0: 4144800 0x10BE12: main (source.c:1127)
 n1: 814912 0x1099F3: rb_insert (source.c:277)
  n0: 814912 0x10BBB7: main (source.c:1084)
 n0: 340880 in 11 places, all below massif's threshold (1.00%)
#-----------
snapshot=26
#-----------
time=6371381070
mem_heap_B=40379792
mem_heap_extra_B=16385664
mem_stacks_B=0
heap_tree=detailed
n3: 40379792 (heap allocation functions) malloc/new/new[], --alloc-fns, etc.
 n1: 39178760 0x10A5FF: little_rb_insert (source.c:574)
  n2: 39178760 0x10B220: new_car (source.c:884)
   n0: 34836000 0x10BCC5: main (source.c:1101)
   n0: 4342760 0x10BE12: main (source.c:1127)
 n1: 847000 0x1099F3: rb_insert (source.c:277)
  n0: 847000 0x10BBB7: main (source.c:1084)
 n0: 354032 in 11 places, all below massif's threshold (1.00%)
#-----------
snapshot=27
#-----------
time=7589643298
mem_heap_B=40379116
mem_heap_extra_B=16385476
mem_stacks_B=0
heap_tree=empty
#-----------
snapshot=28
#-----------
time=7739340280
mem_heap_B=42093488
mem_heap_extra_B=17080152
mem_stacks_B=0
heap_tree=detailed
n3: 42093488 (heap allocation functions) malloc/new/new[], --alloc-fns, etc.
 n1: 40846440 0x10A5FF: little_rb_insert (source.c:574)
  n2: 40846440 0x10B220: new_car (source.c:884)
   n0: 36249560 0x10BCC5: main (source.c:1101)
   n0: 4596880 0x10BE12: main (source.c:1127)
 n1: 879984 0x1099F3: rb_insert (source.c:277)
  n0: 879984 0x10BBB7: main (source.c:1084)
 n0: 367064 in 11 places, all below massif's threshold (1.00%)
#-----------
snapshot=29
#-----------
time=7875282305
mem_heap_B=43759080
mem_heap_extra_B=17756824
mem_stacks_B=0
heap_tree=empty
#-----------
snapshot=30
#-----------
time=8052345702
mem_heap_B=46108328
mem_heap_extra_B=18709856
mem_stacks_B=0
heap_tree=empty
#-----------
snapshot=31
#-----------
time=8184929859
mem_heap_B=47882232
mem_heap_extra_B=19427136
mem_stacks_B=0
heap_tree=empty
#-----------
snapshot=32
#-----------
time=8351902094
mem_heap_B=50082136
mem_heap_extra_B=20318008
mem_stacks_B=0
heap_tree=detailed
n3: 50082136 (heap allocation functions) malloc/new/new[], --alloc-fns, etc.
 n1: 48620320 0x10A5FF: little_rb_insert (source.c:574)
  n2: 48620320 0x10B220: new_car (source.c:884)
   n0: 43204720 0x10BCC5: main (source.c:1101)
   n0: 5415600 0x10BE12: main (source.c:1127)
 n1: 1032976 0x1099F3: rb_insert (source.c:277)
  n0: 1032976 0x10BBB7: main (source.c:1084)
 n0: 428840 in 11 places, all below massif's threshold (1.00%)
#-----------
snapshot=33
#-----------
time=8424411461
mem_heap_B=51117016
mem_heap_extra_B=20737232
mem_stacks_B=0
heap_tree=detailed
n3: 51117016 (heap allocation functions) malloc/new/new[], --alloc-fns, etc.
 n1: 49629960 0x10A5FF: little_rb_insert (source.c:574)
  n2: 49629960 0x10B220: new_car (source.c:884)
   n0: 44189800 0x10BCC5: main (source.c:1101)
   n0: 5440160 0x10BE12: main (source.c:1127)
 n1: 1050896 0x1099F3: rb_insert (source.c:277)
  n0: 1050896 0x10BBB7: main (source.c:1084)
 n0: 436160 in 11 places, all below massif's threshold (1.00%)
#-----------
snapshot=34
#-----------
time=10499938023
mem_heap_B=51345556
mem_heap_extra_B=20829956
mem_stacks_B=0
heap_tree=empty
#-----------
snapshot=35
#-----------
time=10611438585
mem_heap_B=52188152
mem_heap_extra_B=21171216
mem_stacks_B=0
heap_tree=detailed
n3: 52188152 (heap allocation functions) malloc/new/new[], --alloc-fns, etc.
 n1: 50674480 0x10A5FF: little_rb_insert (source.c:574)
  n2: 50674480 0x10B220: new_car (source.c:884)
   n0: 45113000 0x10BCC5: main (source.c:1101)
   n0: 5561480 0x10BE12: main (source.c:1127)
 n1: 1069712 0x1099F3: rb_insert (source.c:277)
  n0: 1069712 0x10BBB7: main (source.c:1084)
 n0: 443960 in 11 places, all below massif's threshold (1.00%)
#-----------
snapshot=36
#-----------
time=10747443135
mem_heap_B=53742560
mem_heap_extra_B=21801272
mem_stacks_B=0
heap_tree=empty
#-----------
snapshot=37
#-----------
time=10969175248
mem_heap_B=56591416
mem_heap_extra_B=22955760
mem_stacks_B=0
heap_tree=detailed
n3: 56591416 (heap allocation functions) malloc/new/new[], --alloc-fns, etc.
 n1: 54961800 0x10A5FF: little_rb_insert (source.c:574)
  n2: 54961800 0x10B220: new_car (source.c:884)
   n0: 48979840 0x10BCC5: main (source.c:1101)
   n0: 5981960 0x10BE12: main (source.c:1127)
 n1: 1152368 0x1099F3: rb_insert (source.c:277)
  n0: 1152368 0x10BBB7: main (source.c:1084)
 n0: 477248 in 11 places, all below massif's threshold (1.00%)
#-----------
snapshot=38
#-----------
time=11073088685
mem_heap_B=57645648
mem_heap_extra_B=23383992
mem_stacks_B=0
heap_tree=empty
#-----------
snapshot=39
#-----------
time=11221803951
mem_heap_B=59535112
mem_heap_extra_B=24150616
mem_stacks_B=0
heap_tree=detailed
n3: 59535112 (heap allocation functions) malloc/new/new[], --alloc-fns, etc.
 n1: 57812600 0x10A5FF: little_rb_insert (source.c:574)
  n2: 57812600 0x10B220: new_car (source.c:884)
   n0: 51530200 0x10BCC5: main (source.c:1101)
   n0: 6282400 0x10BE12: main (source.c:1127)
 n1: 1218168 0x1099F3: rb_insert (source.c:277)
  n0: 1218168 0x10BBB7: main (source.c:1084)
 n0: 504344 in 11 places, all below massif's threshold (1.00%)
#-----------
snapshot=40
#-----------
time=11396177745
mem_heap_B=61223792
mem_heap_extra_B=24838088
mem_stacks_B=0
heap_tree=empty
#-----------
snapshot=41
#-----------
time=11516517172
mem_heap_B=62525544
mem_heap_extra_B=25367840
mem_stacks_B=0
heap_tree=empty
#-----------
snapshot=42
#-----------
time=11624170908
mem_heap_B=63891520
mem_heap_extra_B=25922152
mem_stacks_B=0
heap_tree=detailed
n3: 63891520 (heap allocation functions) malloc/new/new[], --alloc-fns, etc.
 n1: 62036480 0x10A5FF: little_rb_insert (source.c:574)
  n2: 62036480 0x10B220: new_car (source.c:884)
   n0: 55310760 0x10BCC5: main (source.c:1101)
   n0: 6725720 0x10BE12: main (source.c:1127)
 n1: 1312248 0x1099F3: rb_insert (source.c:277)
  n0: 1312248 0x10BBB7: main (source.c:1084)
 n0: 542792 in 11 places, all below massif's threshold (1.00%)
#-----------
snapshot=43
#-----------
time=14608073259
mem_heap_B=63936028
mem_heap_extra_B=25940444
mem_stacks_B=0
heap_tree=empty
#-----------
snapshot=44
#-----------
time=14741444082
mem_heap_B=65186000
mem_heap_extra_B=26447224
mem_stacks_B=0
heap_tree=detailed
n3: 65186000 (heap allocation functions) malloc/new/new[], --alloc-fns, etc.
 n1: 63294840 0x10A5FF: little_rb_insert (source.c:574)
  n2: 63294840 0x10B220: new_car (source.c:884)
   n0: 56527800 0x10BCC5: main (source.c:1101)
   n0: 6767040 0x10BE12: main (source.c:1127)
 n1: 1337784 0x1099F3: rb_insert (source.c:277)
  n0: 1337784 0x10BBB7: main (source.c:1084)
 n0: 553376 in 11 places, all below massif's threshold (1.00%)
#-----------
snapshot=45
#-----------
time=14845147740
mem_heap_B=66510488
mem_heap_extra_B=26984288
mem_stacks_B=0
heap_tree=detailed
n3: 66510488 (heap allocation functions) malloc/new/new[], --alloc-fns, etc.
 n1: 64581640 0x10A5FF: little_rb_insert (source.c:574)
  n2: 64581640 0x10B220: new_car (source.c:884)
   n0: 57742560 0x10BCC5: main (source.c:1101)
   n0: 6839080 0x10BE12: main (source.c:1127)
 n1: 1364720 0x1099F3: rb_insert (source.c:277)
  n0: 1364720 0x10BBB7: main (source.c:1084)
 n0: 564128 in 11 places, all below massif's threshold (1.00%)
#-----------
snapshot=46
#-----------
time=14971988780
mem_heap_B=67864192
mem_heap_extra_B=27533976
mem_stacks_B=0
heap_tree=detailed
n3: 67864192 (heap allocation functions) malloc/new/new[], --alloc-fns, etc.
 n1: 65896480 0x10A5FF: little_rb_insert (source.c:574)
  n2: 65896480 0x10B220: new_car (source.c:884)
   n0: 58904280 0x10BCC5: main (source.c:1101)
   n0: 6992200 0x10BE12: main (source.c:1127)
 n1: 1392328 0x1099F3: rb_insert (source.c:277)
  n0: 1392328 0x10BBB7: main (source.c:1084)
 n0: 575384 in 11 places, all below massif's threshold (1.00%)
#-----------
snapshot=47
#-----------
time=15155150054
mem_heap_B=69939372
mem_heap_extra_B=28376732
mem_stacks_B=0
heap_tree=detailed
n3: 69939372 (heap allocation functions) malloc/new/new[], --alloc-fns, etc.
 n1: 67908160 0x10A5FF: little_rb_insert (source.c:574)
  n2: 67908160 0x10B220: new_car (source.c:884)
   n0: 60655960 0x10BCC5: main (source.c:1101)
   n0: 7252200 0x10BE12: main (source.c:1127)
 n1: 1437296 0x1099F3: rb_insert (source.c:277)
  n0: 1437296 0x10BBB7: main (source.c:1084)
 n0: 593916 in 11 places, all below massif's threshold (1.00%)
#-----------
snapshot=48
#-----------
time=18566113309
mem_heap_B=70070700
mem_heap_extra_B=28430588
mem_stacks_B=0
heap_tree=empty
#-----------
snapshot=49
#-----------
time=18624064563
mem_heap_B=70639808
mem_heap_extra_B=28661160
mem_stacks_B=0
heap_tree=detailed
n3: 70639808 (heap allocation functions) malloc/new/new[], --alloc-fns, etc.
 n1: 68588160 0x10A5FF: little_rb_insert (source.c:574)
  n2: 68588160 0x10B220: new_car (source.c:884)
   n0: 61240280 0x10BCC5: main (source.c:1101)
   n0: 7347880 0x10BE12: main (source.c:1127)
 n1: 1452024 0x1099F3: rb_insert (source.c:277)
  n0: 1452024 0x10BBB7: main (source.c:1084)
 n0: 599624 in 11 places, all below massif's threshold (1.00%)
#-----------
snapshot=50
#-----------
time=18672708359
mem_heap_B=71349360
mem_heap_extra_B=28948056
mem_stacks_B=0
heap_tree=detailed
n3: 71349360 (heap allocation functions) malloc/new/new[], --alloc-fns, etc.
 n1: 69282640 0x10A5FF: little_rb_insert (source.c:574)
  n2: 69282640 0x10B220: new_car (source.c:884)
   n0: 61850880 0x10BCC5: main (source.c:1101)
   n0: 7431760 0x10BE12: main (source.c:1127)
 n1: 1462608 0x1099F3: rb_insert (source.c:277)
  n0: 1462608 0x10BBB7: main (source.c:1084)
 n0: 604112 in 11 places, all below massif's threshold (1.00%)
#-----------
snapshot=51
#-----------
time=18730660831
mem_heap_B=71869376
mem_heap_extra_B=29159992
mem_stacks_B=0
heap_tree=empty
#-----------
snapshot=52
#-----------
time=18746637498
mem_heap_B=72063832
mem_heap_extra_B=29239072
mem_stacks_B=0
heap_tree=detailed
n3: 72063832 (heap allocation functions) malloc/new/new[], --alloc-fns, etc.
 n1: 69970240 0x10A5FF: little_rb_insert (source.c:574)
  n2: 69970240 0x10B220: new_car (source.c:884)
   n0: 62515120 0x10BCC5: main (source.c:1101)
   n0: 7455120 0x10BE12: main (source.c:1127)
 n1: 1481704 0x1099F3: rb_insert (source.c:277)
  n0: 1481704 0x10BBB7: main (source.c:1084)
 n0: 611888 in 11 places, all below massif's threshold (1.00%)
#-----------
snapshot=53
#-----------
time=22522260614
mem_heap_B=72107956
mem_heap_extra_B=29256948
mem_stacks_B=0
heap_tree=empty
#-----------
snapshot=54
#-----------
time=22580212407
mem_heap_B=72297784
mem_heap_extra_B=29334056
mem_stacks_B=0
heap_tree=empty
#-----------
snapshot=55
#-----------
time=22623008753
mem_heap_B=72784752
mem_heap_extra_B=29532304
mem_stacks_B=0
heap_tree=detailed
n3: 72784752 (heap allocation functions) malloc/new/new[], --alloc-fns, etc.
 n1: 70670400 0x10A5FF: little_rb_insert (source.c:574)
  n2: 70670400 0x10B220: new_car (source.c:884)
   n0: 63062400 0x10BCC5: main (source.c:1101)
   n0: 7608000 0x10BE12: main (source.c:1127)
 n1: 1496320 0x1099F3: rb_insert (source.c:277)
  n0: 1496320 0x10BBB7: main (source.c:1084)
 n0: 618032 in 11 places, all below massif's threshold (1.00%)
#-----------
snapshot=56
#-----------
time=22680960511
mem_heap_B=73382272
mem_heap_extra_B=29774696
mem_stacks_B=0
heap_tree=empty
#-----------
snapshot=57
#-----------
time=22690404301
mem_heap_B=73517160
mem_heap_extra_B=29829408
mem_stacks_B=0
heap_tree=detailed
n3: 73517160 (heap allocation functions) malloc/new/new[], --alloc-fns, etc.
 n1: 71382720 0x10A5FF: little_rb_insert (source.c:574)
  n2: 71382720 0x10B220: new_car (source.c:884)
   n0: 63721040 0x10BCC5: main (source.c:1101)
   n0: 7661680 0x10BE12: main (source.c:1127)
 n1: 1510600 0x1099F3: rb_insert (source.c:277)
  n0: 1510600 0x10BBB7: main (source.c:1084)
 n0: 623840 in 11 places, all below massif's threshold (1.00%)
#-----------
snapshot=58
#-----------
time=22748355739
mem_heap_B=74013664
mem_heap_extra_B=30030440
mem_stacks_B=0
heap_tree=empty
#-----------
snapshot=59
#-----------
time=22764662205
mem_heap_B=74259992
mem_heap_extra_B=30130328
mem_stacks_B=0
heap_tree=detailed
n3: 74259992 (heap allocation functions) malloc/new/new[], --alloc-fns, etc.
 n1: 72106920 0x10A5FF: little_rb_insert (source.c:574)
  n2: 72106920 0x10B220: new_car (source.c:884)
   n0: 64346960 0x10BCC5: main (source.c:1101)
   n0: 7759960 0x10BE12: main (source.c:1127)
 n1: 1523928 0x1099F3: rb_insert (source.c:277)
  n0: 1523928 0x10BBB7: main (source.c:1084)
 n0: 629144 in 11 places, all below massif's threshold (1.00%)
#-----------
snapshot=60
#-----------
time=22822614876
mem_heap_B=74975584
mem_heap_extra_B=30420632
mem_stacks_B=0
heap_tree=empty
#-----------
snapshot=61
#-----------
time=22824551487
mem_heap_B=75006944
mem_heap_extra_B=30433240
mem_stacks_B=0
heap_tree=detailed
n3: 75006944 (heap allocation functions) malloc/new/new[], --alloc-fns, etc.
 n1: 72834960 0x10A5FF: little_rb_insert (source.c:574)
  n2: 72834960 0x10B220: new_car (source.c:884)
   n0: 65024640 0x10BCC5: main (source.c:1101)
   n0: 7810320 0x10BE12: main (source.c:1127)
 n1: 1537368 0x1099F3: rb_insert (source.c:277)
  n0: 1537368 0x10BBB7: main (source.c:1084)
 n0: 634616 in 11 places, all below massif's threshold (1.00%)
#-----------
snapshot=62
#-----------
time=22876020695
mem_heap_B=75759104
mem_heap_extra_B=30737704
mem_stacks_B=0
heap_tree=detailed
n3: 75759104 (heap allocation functions) malloc/new/new[], --alloc-fns, etc.
 n1: 73569960 0x10A5FF: little_rb_insert (source.c:574)
  n2: 73569960 0x10B220: new_car (source.c:884)
   n0: 65732920 0x10BCC5: main (source.c:1101)
   n0: 7837040 0x10BE12: main (source.c:1127)
 n1: 1549632 0x1099F3: rb_insert (source.c:277)
  n0: 1549632 0x10BBB7: main (source.c:1084)
 n0: 639512 in 11 places, all below massif's threshold (1.00%)
#-----------
snapshot=63
#-----------
time=22933974171
mem_heap_B=76277264
mem_heap_extra_B=30947984
mem_stacks_B=0
heap_tree=empty
#-----------
snapshot=64
#-----------
time=22953314831
mem_heap_B=76531256
mem_heap_extra_B=31051048
mem_stacks_B=0
heap_tree=detailed
n3: 76531256 (heap allocation functions) malloc/new/new[], --alloc-fns, etc.
 n1: 74317800 0x10A5FF: little_rb_insert (source.c:574)
  n2: 74317800 0x10B220: new_car (source.c:884)
   n0: 66377240 0x10BCC5: main (source.c:1101)
   n0: 7940560 0x10BE12: main (source.c:1127)
 n1: 1566936 0x1099F3: rb_insert (source.c:277)
  n0: 1566936 0x10BBB7: main (source.c:1084)
 n0: 646520 in 11 places, all below massif's threshold (1.00%)
#-----------
snapshot=65
#-----------
time=23011266738
mem_heap_B=77226768
mem_heap_extra_B=31333864
mem_stacks_B=0
heap_tree=empty
#-----------
snapshot=66
#-----------
time=23014664117
mem_heap_B=77296304
mem_heap_extra_B=31361920
mem_stacks_B=0
heap_tree=detailed
n3: 77296304 (heap allocation functions) malloc/new/new[], --alloc-fns, etc.
 n1: 75057160 0x10A5FF: little_rb_insert (source.c:574)
  n2: 75057160 0x10B220: new_car (source.c:884)
   n0: 67125560 0x10BCC5: main (source.c:1101)
   n0: 7931600 0x10BE12: main (source.c:1127)
 n1: 1585304 0x1099F3: rb_insert (source.c:277)
  n0: 1585304 0x10BBB7: main (source.c:1084)
 n0: 653840 in 11 places, all below massif's threshold (1.00%)
#-----------
snapshot=67
#-----------
time=27363864424
mem_heap_B=77399764
mem_heap_extra_B=31404180
mem_stacks_B=0
heap_tree=empty
#-----------
snapshot=68
#-----------
time=27421815927
mem_heap_B=77528504
mem_heap_extra_B=31456904
mem_stacks_B=0
heap_tree=empty
#-----------
snapshot=69
#-----------
time=27461727373
mem_heap_B=78072976
mem_heap_extra_B=31677512
mem_stacks_B=0
heap_tree=detailed
n3: 78072976 (heap allocation functions) malloc/new/new[], --alloc-fns, etc.
 n1: 75807960 0x10A5FF: little_rb_insert (source.c:574)
  n2: 75807960 0x10B220: new_car (source.c:884)
   n0: 67777400 0x10BCC5: main (source.c:1101)
   n0: 8030560 0x10BE12: main (source.c:1127)
 n1: 1603616 0x1099F3: rb_insert (source.c:277)
  n0: 1603616 0x10BBB7: main (source.c:1084)
 n0: 661400 in 11 places, all below massif's threshold (1.00%)
#-----------
snapshot=70
#-----------
time=27519678740
mem_heap_B=78854968
mem_heap_extra_B=31994480
mem_stacks_B=0
heap_tree=empty
#-----------
snapshot=71
#-----------
time=27520024848
mem_heap_B=78864888
mem_heap_extra_B=31998472
mem_stacks_B=0
heap_tree=detailed
n3: 78864888 (heap allocation functions) malloc/new/new[], --alloc-fns, etc.
 n1: 76579160 0x10A5FF: little_rb_insert (source.c:574)
  n2: 76579160 0x10B220: new_car (source.c:884)
   n0: 68470760 0x10BCC5: main (source.c:1101)
   n0: 8108400 0x10BE12: main (source.c:1127)
 n1: 1618232 0x1099F3: rb_insert (source.c:277)
  n0: 1618232 0x10BBB7: main (source.c:1084)
 n0: 667496 in 11 places, all below massif's threshold (1.00%)
#-----------
snapshot=72
#-----------
time=27577976719
mem_heap_B=79565520
mem_heap_extra_B=32282920
mem_stacks_B=0
heap_tree=empty
#-----------
snapshot=73
#-----------
time=27588014518
mem_heap_B=79662152
mem_heap_extra_B=32322496
mem_stacks_B=0
heap_tree=detailed
n3: 79662152 (heap allocation functions) malloc/new/new[], --alloc-fns, etc.
 n1: 77353000 0x10A5FF: little_rb_insert (source.c:574)
  n2: 77353000 0x10B220: new_car (source.c:884)
   n0: 69118840 0x10BCC5: main (source.c:1101)
   n0: 8234160 0x10BE12: main (source.c:1127)
 n1: 1634864 0x1099F3: rb_insert (source.c:277)
  n0: 1634864 0x10BBB7: main (source.c:1084)
 n0: 674288 in 11 places, all below massif's threshold (1.00%)
#-----------
snapshot=74
#-----------
time=27646147068
mem_heap_B=80180248
mem_heap_extra_B=32533216
mem_stacks_B=0
heap_tree=empty
#-----------
snapshot=75
#-----------
time=27680083255
mem_heap_B=80482832
mem_heap_extra_B=32655888
mem_stacks_B=0
heap_tree=peak
n3: 80482832 (heap allocation functions) malloc/new/new[], --alloc-fns, etc.
 n1: 78146360 0x10A5FF: little_rb_insert (source.c:574)
  n2: 78146360 0x10B220: new_car (source.c:884)
   n0: 69820240 0x10BCC5: main (source.c:1101)
   n0: 8326120 0x10BE12: main (source.c:1127)
 n1: 1654072 0x1099F3: rb_insert (source.c:277)
  n0: 1654072 0x10BBB7: main (source.c:1084)
 n0: 682400 in 11 places, all below massif's threshold (1.00%)
#-----------
snapshot=76
#-----------
time=31819470495
mem_heap_B=80798244
mem_heap_extra_B=32783724
mem_stacks_B=0
heap_tree=empty
#-----------
snapshot=77
#-----------
time=31877421781
mem_heap_B=54546688
mem_heap_extra_B=22129208
mem_stacks_B=0
heap_tree=empty
#-----------
snapshot=78
#-----------
time=31935373040
mem_heap_B=16764728
mem_heap_extra_B=6791864
mem_stacks_B=0
heap_tree=empty
